mode: set
fodmap/chat/chat.go:105.44,106.30 1 1
fodmap/chat/chat.go:106.30,108.3 1 1
fodmap/chat/chat.go:109.2,110.38 2 1
fodmap/chat/chat.go:110.38,111.33 1 1
fodmap/chat/chat.go:111.33,113.4 1 1
fodmap/chat/chat.go:115.2,115.12 1 1
fodmap/chat/chat.go:120.115,121.17 1 1
fodmap/chat/chat.go:121.17,123.3 1 1
fodmap/chat/chat.go:125.2,129.16 2 1
fodmap/chat/chat.go:129.16,134.3 1 1
fodmap/chat/chat.go:136.2,137.16 2 1
fodmap/chat/chat.go:137.16,139.3 1 1
fodmap/chat/chat.go:140.2,140.85 1 1
fodmap/chat/chat.go:186.135,187.17 1 1
fodmap/chat/chat.go:187.17,192.3 1 1
fodmap/chat/chat.go:194.2,197.6 3 1
fodmap/chat/chat.go:197.6,202.97 2 1
fodmap/chat/chat.go:202.97,203.18 1 1
fodmap/chat/chat.go:203.18,205.5 1 0
fodmap/chat/chat.go:206.4,206.70 1 1
fodmap/chat/chat.go:206.70,207.13 1 0
fodmap/chat/chat.go:210.4,210.58 1 1
fodmap/chat/chat.go:210.58,214.68 1 1
fodmap/chat/chat.go:214.68,215.14 1 0
fodmap/chat/chat.go:219.5,222.24 2 1
fodmap/chat/chat.go:222.24,224.23 2 1
fodmap/chat/chat.go:224.23,226.7 1 1
fodmap/chat/chat.go:228.5,228.33 1 1
fodmap/chat/chat.go:228.33,229.23 1 1
fodmap/chat/chat.go:229.23,231.7 1 1
fodmap/chat/chat.go:237.3,244.37 3 1
fodmap/chat/chat.go:244.37,245.29 1 1
fodmap/chat/chat.go:245.29,250.5 1 1
fodmap/chat/chat.go:253.3,253.29 1 1
fodmap/chat/chat.go:253.29,254.9 1 1
fodmap/chat/chat.go:258.3,260.37 3 1
fodmap/chat/chat.go:260.37,269.4 6 1
fodmap/chat/chat.go:270.3,271.46 2 1
fodmap/chat/chat.go:276.2,277.20 2 1
fodmap/chat/chat.go:280.91,282.14 2 1
fodmap/chat/chat.go:283.23,285.17 2 1
fodmap/chat/chat.go:285.17,288.4 2 1
fodmap/chat/chat.go:289.3,289.16 1 1
fodmap/chat/chat.go:290.26,292.17 2 1
fodmap/chat/chat.go:292.17,295.4 2 0
fodmap/chat/chat.go:296.3,296.16 1 1
fodmap/chat/chat.go:297.10,298.58 1 1
fodmap/chat/chat.go:302.34,307.2 4 1
fodmap/chat/chat.go:311.40,336.2 2 1
fodmap/chat/chat.go:346.76,348.16 2 1
fodmap/chat/chat.go:348.16,350.3 1 1
fodmap/chat/chat.go:351.2,356.17 2 1
fodmap/chat/chat.go:356.17,358.3 1 0
fodmap/chat/chat.go:359.2,359.26 1 1
fodmap/chat/chat.go:364.68,367.28 3 1
fodmap/chat/chat.go:367.28,369.59 2 1
fodmap/chat/chat.go:369.59,371.4 1 0
fodmap/chat/chat.go:372.3,372.57 1 1
fodmap/chat/chat.go:374.2,374.20 1 1
fodmap/chat/chat.go:402.123,403.23 1 1
fodmap/chat/chat.go:403.23,405.3 1 1
fodmap/chat/chat.go:406.2,406.17 1 1
fodmap/chat/chat.go:406.17,408.3 1 1
fodmap/chat/chat.go:409.2,411.16 3 1
fodmap/chat/chat.go:411.16,413.3 1 1
fodmap/chat/chat.go:414.2,414.44 1 1
fodmap/chat/chat.go:424.74,429.2 1 1
fodmap/chat/chat.go:431.128,433.20 2 1
fodmap/chat/chat.go:433.20,435.3 1 1
fodmap/chat/chat.go:436.2,436.16 1 1
fodmap/chat/chat.go:436.16,438.3 1 1
fodmap/chat/chat.go:439.2,439.17 1 1
fodmap/chat/chat.go:439.17,441.3 1 1
fodmap/chat/chat.go:442.2,443.16 2 1
fodmap/chat/chat.go:443.16,445.3 1 0
fodmap/chat/chat.go:446.2,447.16 2 1
fodmap/chat/chat.go:447.16,449.3 1 0
fodmap/chat/chat.go:450.2,452.38 2 1
fodmap/chat/chat.go:452.38,455.3 2 0
fodmap/chat/chat.go:457.2,465.65 2 1
fodmap/chat/chat.go:465.65,467.3 1 0
fodmap/chat/chat.go:468.2,468.31 1 1
fodmap/chat/chat.go:468.31,470.3 1 1
fodmap/chat/chat.go:471.2,472.77 2 1
fodmap/chat/chat.go:475.127,478.16 3 1
fodmap/chat/chat.go:478.16,480.3 1 0
fodmap/chat/chat.go:481.2,482.16 2 1
fodmap/chat/chat.go:482.16,484.3 1 0
fodmap/chat/chat.go:485.2,487.38 2 1
fodmap/chat/chat.go:487.38,490.3 2 0
fodmap/chat/chat.go:492.2,495.65 2 1
fodmap/chat/chat.go:495.65,497.3 1 0
fodmap/chat/chat.go:498.2,498.26 1 1
fodmap/chat/chat.go:501.115,504.16 3 1
fodmap/chat/chat.go:504.16,506.3 1 0
fodmap/chat/chat.go:507.2,508.16 2 1
fodmap/chat/chat.go:508.16,510.3 1 1
fodmap/chat/chat.go:511.2,513.44 2 1
fodmap/chat/chat.go:513.44,519.3 1 1
fodmap/chat/chat.go:520.2,520.38 1 1
fodmap/chat/chat.go:520.38,522.3 1 1
fodmap/chat/chat.go:524.2,529.65 2 1
fodmap/chat/chat.go:529.65,531.3 1 0
fodmap/chat/chat.go:533.2,539.8 1 1
fodmap/chat/chat.go:551.66,552.19 1 1
fodmap/chat/chat.go:552.19,554.3 1 0
fodmap/chat/chat.go:555.2,559.3 1 1
fodmap/chat/chat.go:562.117,563.48 1 1
fodmap/chat/chat.go:563.48,565.3 1 1
fodmap/chat/chat.go:568.2,569.61 2 1
fodmap/chat/chat.go:569.61,571.3 1 0
fodmap/chat/chat.go:572.2,578.16 5 1
fodmap/chat/chat.go:578.16,580.3 1 0
fodmap/chat/chat.go:581.2,583.16 3 1
fodmap/chat/chat.go:583.16,585.3 1 0
fodmap/chat/chat.go:586.2,588.38 2 1
fodmap/chat/chat.go:588.38,593.3 1 0
fodmap/chat/chat.go:595.2,596.85 2 1
fodmap/chat/chat.go:596.85,601.3 1 0
fodmap/chat/chat.go:603.2,609.54 3 1
fodmap/chat/chat.go:609.54,614.3 1 0
fodmap/chat/chat.go:616.2,618.36 3 1
fodmap/chat/chat.go:618.36,619.39 1 1
fodmap/chat/chat.go:619.39,621.20 2 1
fodmap/chat/chat.go:621.20,624.5 2 1
fodmap/chat/chat.go:627.2,633.17 3 1
fodmap/data/data.go:23.89,25.58 2 0
fodmap/data/data.go:25.58,27.3 1 0
fodmap/data/data.go:28.2,28.20 1 0
fodmap/data/data.go:37.36,37.75 2 1
fodmap/data/data.go:39.65,41.16 2 1
fodmap/data/data.go:41.16,43.3 1 0
fodmap/data/data.go:44.2,44.27 1 1
fodmap/data/data.go:44.27,45.41 1 1
fodmap/data/data.go:45.41,47.4 1 0
fodmap/data/data.go:48.3,48.50 1 1
fodmap/data/data.go:50.2,50.61 1 0
fodmap/data/data.go:53.84,55.16 2 1
fodmap/data/data.go:55.16,57.3 1 1
fodmap/data/data.go:59.2,60.16 2 1
fodmap/data/data.go:60.16,63.3 2 0
fodmap/data/data.go:64.2,64.6 1 1
fodmap/data/data.go:64.6,66.31 2 1
fodmap/data/data.go:66.31,70.4 3 1
fodmap/data/data.go:71.3,71.17 1 1
fodmap/data/data.go:71.17,75.4 3 0
fodmap/data/data.go:76.3,76.44 1 1
fodmap/data/data.go:76.44,78.4 1 1
fodmap/data/data.go:84.85,85.23 1 1
fodmap/data/data.go:85.23,87.3 1 0
fodmap/data/data.go:88.2,89.16 2 1
fodmap/data/data.go:89.16,91.3 1 1
fodmap/data/data.go:92.2,95.16 3 1
fodmap/data/data.go:95.16,97.3 1 0
fodmap/data/data.go:98.2,99.6 2 1
fodmap/data/data.go:99.6,101.31 2 1
fodmap/data/data.go:101.31,102.9 1 1
fodmap/data/data.go:104.3,104.17 1 1
fodmap/data/data.go:104.17,106.4 1 0
fodmap/data/data.go:107.3,107.45 1 1
fodmap/data/data.go:107.45,108.12 1 1
fodmap/data/data.go:111.3,116.22 5 1
fodmap/data/data.go:116.22,118.62 2 1
fodmap/data/data.go:118.62,119.13 1 0
fodmap/data/data.go:121.4,121.34 1 1
fodmap/data/data.go:121.34,123.5 1 1
fodmap/data/data.go:125.3,125.39 1 1
fodmap/data/data.go:125.39,127.4 1 0
fodmap/data/data.go:128.3,128.22 1 1
fodmap/data/data.go:130.2,130.60 1 1
fodmap/data/data.go:136.78,137.23 1 1
fodmap/data/data.go:137.23,139.3 1 0
fodmap/data/data.go:140.2,141.16 2 1
fodmap/data/data.go:141.16,143.3 1 1
fodmap/data/data.go:144.2,147.16 3 1
fodmap/data/data.go:147.16,149.3 1 0
fodmap/data/data.go:150.2,151.6 2 1
fodmap/data/data.go:151.6,153.31 2 1
fodmap/data/data.go:153.31,154.9 1 1
fodmap/data/data.go:156.3,156.17 1 1
fodmap/data/data.go:156.17,158.4 1 0
fodmap/data/data.go:159.3,159.47 1 1
fodmap/data/data.go:159.47,160.12 1 1
fodmap/data/data.go:163.3,168.22 5 1
fodmap/data/data.go:168.22,170.62 2 1
fodmap/data/data.go:170.62,171.13 1 0
fodmap/data/data.go:173.4,173.32 1 1
fodmap/data/data.go:175.3,175.39 1 1
fodmap/data/data.go:175.39,177.4 1 0
fodmap/data/data.go:178.3,178.25 1 1
fodmap/data/data.go:180.2,180.62 1 1
fodmap/data/data.go:184.22,186.16 2 0
fodmap/data/data.go:186.16,188.3 1 0
fodmap/data/data.go:190.2,190.29 1 0
fodmap/data/data.go:190.29,192.3 1 0
fodmap/data/data.go:193.2,193.12 1 0
fodmap/auth/jwt.go:22.68,33.16 4 1
fodmap/auth/jwt.go:33.16,35.3 1 0
fodmap/auth/jwt.go:38.2,47.16 4 1
fodmap/auth/jwt.go:47.16,49.3 1 0
fodmap/auth/jwt.go:51.2,51.35 1 1
fodmap/auth/jwt.go:55.66,56.105 1 1
fodmap/auth/jwt.go:56.105,58.58 1 1
fodmap/auth/jwt.go:58.58,60.4 1 0
fodmap/auth/jwt.go:61.3,61.29 1 1
fodmap/auth/jwt.go:64.2,64.16 1 1
fodmap/auth/jwt.go:64.16,66.3 1 1
fodmap/auth/jwt.go:68.2,69.25 2 1
fodmap/auth/jwt.go:69.25,71.3 1 0
fodmap/auth/jwt.go:73.2,73.20 1 1
fodmap/auth/postgres_store.go:19.91,21.16 2 0
fodmap/auth/postgres_store.go:21.16,23.3 1 0
fodmap/auth/postgres_store.go:26.2,27.16 2 0
fodmap/auth/postgres_store.go:27.16,30.3 2 0
fodmap/auth/postgres_store.go:33.2,65.28 2 0
fodmap/auth/postgres_store.go:65.28,66.51 1 0
fodmap/auth/postgres_store.go:66.51,69.4 2 0
fodmap/auth/postgres_store.go:72.2,72.36 1 0
fodmap/auth/postgres_store.go:76.75,79.16 3 0
fodmap/auth/postgres_store.go:79.16,81.3 1 0
fodmap/auth/postgres_store.go:82.2,82.12 1 0
fodmap/auth/postgres_store.go:86.90,91.26 5 0
fodmap/auth/postgres_store.go:91.26,93.3 1 0
fodmap/auth/postgres_store.go:94.2,94.16 1 0
fodmap/auth/postgres_store.go:94.16,96.3 1 0
fodmap/auth/postgres_store.go:97.2,97.18 1 0
fodmap/auth/postgres_store.go:101.84,106.26 5 0
fodmap/auth/postgres_store.go:106.26,108.3 1 0
fodmap/auth/postgres_store.go:109.2,109.16 1 0
fodmap/auth/postgres_store.go:109.16,111.3 1 0
fodmap/auth/postgres_store.go:112.2,112.18 1 0
fodmap/auth/postgres_store.go:116.91,117.29 1 0
fodmap/auth/postgres_store.go:117.29,119.3 1 0
fodmap/auth/postgres_store.go:120.2,120.29 1 0
fodmap/auth/postgres_store.go:120.29,122.3 1 0
fodmap/auth/postgres_store.go:124.2,126.33 3 0
fodmap/auth/postgres_store.go:126.33,128.17 2 0
fodmap/auth/postgres_store.go:128.17,130.4 1 0
fodmap/auth/postgres_store.go:133.2,135.16 3 0
fodmap/auth/postgres_store.go:135.16,137.3 1 0
fodmap/auth/postgres_store.go:138.2,138.12 1 0
fodmap/auth/postgres_store.go:142.104,145.16 3 0
fodmap/auth/postgres_store.go:145.16,147.3 1 0
fodmap/auth/postgres_store.go:148.2,151.18 3 0
fodmap/auth/postgres_store.go:151.18,155.174 4 0
fodmap/auth/postgres_store.go:155.174,157.4 1 0
fodmap/auth/postgres_store.go:158.3,163.81 6 0
fodmap/auth/postgres_store.go:163.81,164.86 1 0
fodmap/auth/postgres_store.go:164.86,166.5 1 0
fodmap/auth/postgres_store.go:168.3,168.27 1 0
fodmap/auth/postgres_store.go:170.2,170.19 1 0
fodmap/auth/postgres_store.go:174.96,181.26 7 0
fodmap/auth/postgres_store.go:181.26,183.3 1 0
fodmap/auth/postgres_store.go:184.2,184.16 1 0
fodmap/auth/postgres_store.go:184.16,186.3 1 0
fodmap/auth/postgres_store.go:187.2,192.80 6 0
fodmap/auth/postgres_store.go:192.80,193.85 1 0
fodmap/auth/postgres_store.go:193.85,195.4 1 0
fodmap/auth/postgres_store.go:197.2,197.15 1 0
fodmap/auth/postgres_store.go:201.82,204.2 2 0
fodmap/auth/postgres_store.go:207.77,208.28 1 0
fodmap/auth/postgres_store.go:208.28,210.3 1 0
fodmap/auth/postgres_store.go:211.2,213.16 3 0
fodmap/auth/postgres_store.go:213.16,215.3 1 0
fodmap/auth/postgres_store.go:218.2,219.12 2 0
fodmap/auth/postgres_store.go:223.101,226.16 3 0
fodmap/auth/postgres_store.go:226.16,228.3 1 0
fodmap/auth/postgres_store.go:229.2,232.18 3 0
fodmap/auth/postgres_store.go:232.18,234.109 2 0
fodmap/auth/postgres_store.go:234.109,236.4 1 0
fodmap/auth/postgres_store.go:237.3,237.25 1 0
fodmap/auth/postgres_store.go:239.2,239.18 1 0
fodmap/auth/postgres_store.go:243.39,245.2 1 0
fodmap/auth/sqlite_store.go:21.66,23.16 2 1
fodmap/auth/sqlite_store.go:23.16,25.3 1 0
fodmap/auth/sqlite_store.go:28.2,28.64 1 1
fodmap/auth/sqlite_store.go:28.64,31.3 2 0
fodmap/auth/sqlite_store.go:34.2,60.28 2 1
fodmap/auth/sqlite_store.go:60.28,61.39 1 1
fodmap/auth/sqlite_store.go:61.39,64.4 2 0
fodmap/auth/sqlite_store.go:68.2,77.30 2 1
fodmap/auth/sqlite_store.go:77.30,78.41 1 1
fodmap/auth/sqlite_store.go:78.41,80.63 1 0
fodmap/auth/sqlite_store.go:80.63,82.5 1 0
fodmap/auth/sqlite_store.go:86.2,86.34 1 1
fodmap/auth/sqlite_store.go:90.73,93.16 3 1
fodmap/auth/sqlite_store.go:93.16,95.3 1 1
fodmap/auth/sqlite_store.go:96.2,96.12 1 1
fodmap/auth/sqlite_store.go:100.88,105.26 5 1
fodmap/auth/sqlite_store.go:105.26,107.3 1 1
fodmap/auth/sqlite_store.go:108.2,108.16 1 1
fodmap/auth/sqlite_store.go:108.16,110.3 1 0
fodmap/auth/sqlite_store.go:111.2,111.18 1 1
fodmap/auth/sqlite_store.go:115.82,120.26 5 1
fodmap/auth/sqlite_store.go:120.26,122.3 1 1
fodmap/auth/sqlite_store.go:123.2,123.16 1 1
fodmap/auth/sqlite_store.go:123.16,125.3 1 0
fodmap/auth/sqlite_store.go:126.2,126.18 1 1
fodmap/auth/sqlite_store.go:130.89,131.29 1 1
fodmap/auth/sqlite_store.go:131.29,133.3 1 1
fodmap/auth/sqlite_store.go:134.2,134.29 1 1
fodmap/auth/sqlite_store.go:134.29,136.3 1 1
fodmap/auth/sqlite_store.go:138.2,140.33 3 1
fodmap/auth/sqlite_store.go:140.33,142.17 2 0
fodmap/auth/sqlite_store.go:142.17,144.4 1 0
fodmap/auth/sqlite_store.go:147.2,149.16 3 1
fodmap/auth/sqlite_store.go:149.16,151.3 1 0
fodmap/auth/sqlite_store.go:152.2,152.12 1 1
fodmap/auth/sqlite_store.go:156.102,159.16 3 1
fodmap/auth/sqlite_store.go:159.16,161.3 1 0
fodmap/auth/sqlite_store.go:162.2,165.18 3 1
fodmap/auth/sqlite_store.go:165.18,169.174 4 1
fodmap/auth/sqlite_store.go:169.174,171.4 1 0
fodmap/auth/sqlite_store.go:172.3,177.81 6 1
fodmap/auth/sqlite_store.go:177.81,178.86 1 0
fodmap/auth/sqlite_store.go:178.86,180.5 1 0
fodmap/auth/sqlite_store.go:182.3,182.27 1 1
fodmap/auth/sqlite_store.go:184.2,184.19 1 1
fodmap/auth/sqlite_store.go:188.94,195.26 7 1
fodmap/auth/sqlite_store.go:195.26,197.3 1 1
fodmap/auth/sqlite_store.go:198.2,198.16 1 1
fodmap/auth/sqlite_store.go:198.16,200.3 1 0
fodmap/auth/sqlite_store.go:201.2,206.80 6 1
fodmap/auth/sqlite_store.go:206.80,207.85 1 0
fodmap/auth/sqlite_store.go:207.85,209.4 1 0
fodmap/auth/sqlite_store.go:211.2,211.15 1 1
fodmap/auth/sqlite_store.go:215.80,218.2 2 1
fodmap/auth/sqlite_store.go:221.75,222.28 1 1
fodmap/auth/sqlite_store.go:222.28,224.3 1 1
fodmap/auth/sqlite_store.go:225.2,227.16 3 1
fodmap/auth/sqlite_store.go:227.16,229.3 1 0
fodmap/auth/sqlite_store.go:232.2,233.12 2 1
fodmap/auth/sqlite_store.go:237.99,240.16 3 1
fodmap/auth/sqlite_store.go:240.16,242.3 1 0
fodmap/auth/sqlite_store.go:243.2,246.18 3 1
fodmap/auth/sqlite_store.go:246.18,248.109 2 1
fodmap/auth/sqlite_store.go:248.109,250.4 1 0
fodmap/auth/sqlite_store.go:251.3,251.25 1 1
fodmap/auth/sqlite_store.go:253.2,253.18 1 1
fodmap/auth/sqlite_store.go:257.37,259.2 1 1
fodmap/auth/user.go:18.51,20.16 2 1
fodmap/auth/user.go:20.16,22.3 1 0
fodmap/auth/user.go:23.2,24.12 2 1
fodmap/auth/user.go:28.52,31.2 2 1
fodmap/data/io/event.go:16.82,18.16 2 1
fodmap/data/io/event.go:18.16,21.3 2 0
fodmap/data/io/event.go:23.2,23.51 1 1
fodmap/data/io/event.go:26.58,27.27 1 1
fodmap/data/io/event.go:27.27,28.31 1 1
fodmap/data/io/event.go:28.31,30.4 1 1
fodmap/data/io/event.go:32.2,33.33 2 1
fodmap/data/io/event.go:36.37,38.2 1 1
fodmap/data/io/event.go:40.38,42.16 2 1
fodmap/data/io/event.go:42.16,44.3 1 1
fodmap/data/io/event.go:45.2,48.16 3 1
fodmap/data/io/event.go:48.16,50.3 1 0
fodmap/data/io/event.go:52.2,52.24 1 1
fodmap/data/io/event.go:52.24,54.48 2 1
fodmap/data/io/event.go:54.48,56.4 1 0
fodmap/data/io/event.go:57.3,57.36 1 1
fodmap/data/io/event.go:60.2,60.24 1 1
fodmap/search/bm25.go:11.44,12.31 1 1
fodmap/search/bm25.go:12.31,14.3 1 1
fodmap/search/bm25.go:16.2,17.26 2 1
fodmap/search/bm25.go:17.26,19.3 1 0
fodmap/search/bm25.go:20.2,21.25 2 1
fodmap/search/bm25.go:21.25,23.3 1 0
fodmap/search/bm25.go:26.2,27.30 2 1
fodmap/search/bm25.go:27.30,29.3 1 1
fodmap/search/bm25.go:31.2,39.34 4 1
fodmap/search/bm25.go:39.34,41.16 2 1
fodmap/search/bm25.go:41.16,42.12 1 1
fodmap/search/bm25.go:45.3,47.24 3 1
fodmap/search/bm25.go:51.2,51.41 1 1
fodmap/search/bm25.go:57.80,58.30 1 1
fodmap/search/bm25.go:58.30,60.3 1 1
fodmap/search/bm25.go:61.2,61.76 1 1
fodmap/search/bm25.go:65.34,69.22 4 1
fodmap/search/bm25.go:69.22,70.51 1 1
fodmap/search/bm25.go:70.51,72.4 1 1
fodmap/search/bm25.go:72.9,72.27 1 1
fodmap/search/bm25.go:72.27,75.4 2 1
fodmap/search/bm25.go:77.2,77.19 1 1
fodmap/search/bm25.go:77.19,79.3 1 1
fodmap/search/bm25.go:80.2,80.15 1 1
fodmap/search/embedder_llama_stub.go:12.69,14.2 1 0
fodmap/search/embedder_llama_stub.go:20.89,22.2 1 0
fodmap/search/embedder_llama_stub.go:24.92,26.2 1 0
fodmap/search/embedder_llama_stub.go:28.43,28.57 1 0
fodmap/search/pinecone.go:31.78,38.2 1 1
fodmap/search/pinecone.go:50.66,52.2 1 0
fodmap/search/pinecone.go:55.72,57.2 1 0
fodmap/search/pinecone.go:60.129,62.16 2 1
fodmap/search/pinecone.go:62.16,64.3 1 0
fodmap/search/pinecone.go:67.2,75.70 2 1
fodmap/search/pinecone.go:75.70,77.24 2 0
fodmap/search/pinecone.go:77.24,79.4 1 0
fodmap/search/pinecone.go:80.3,80.25 1 0
fodmap/search/pinecone.go:80.25,82.4 1 0
fodmap/search/pinecone.go:83.3,83.28 1 0
fodmap/search/pinecone.go:83.28,85.4 1 0
fodmap/search/pinecone.go:86.3,86.24 1 0
fodmap/search/pinecone.go:89.2,90.16 2 1
fodmap/search/pinecone.go:90.16,92.3 1 0
fodmap/search/pinecone.go:95.2,97.32 3 1
fodmap/search/pinecone.go:97.32,99.33 2 1
fodmap/search/pinecone.go:99.33,100.12 1 1
fodmap/search/pinecone.go:102.3,110.31 3 1
fodmap/search/pinecone.go:110.31,111.9 1 1
fodmap/search/pinecone.go:115.2,115.50 1 1
fodmap/search/pinecone.go:119.127,121.16 2 1
fodmap/search/pinecone.go:121.16,123.3 1 0
fodmap/search/pinecone.go:125.2,133.29 2 1
fodmap/search/pinecone.go:133.29,135.3 1 1
fodmap/search/pinecone.go:135.8,135.38 1 1
fodmap/search/pinecone.go:135.38,137.3 1 0
fodmap/search/pinecone.go:139.2,140.16 2 1
fodmap/search/pinecone.go:140.16,142.3 1 0
fodmap/search/pinecone.go:144.2,145.32 2 1
fodmap/search/pinecone.go:145.32,161.3 3 1
fodmap/search/pinecone.go:164.2,164.42 1 1
fodmap/search/pinecone.go:164.42,165.43 1 1
fodmap/search/pinecone.go:165.43,165.89 1 1
fodmap/search/pinecone.go:168.2,168.53 1 1
fodmap/search/pinecone.go:172.110,174.16 2 1
fodmap/search/pinecone.go:174.16,176.3 1 0
fodmap/search/pinecone.go:178.2,186.16 3 1
fodmap/search/pinecone.go:186.16,188.3 1 0
fodmap/search/pinecone.go:190.2,190.27 1 1
fodmap/search/pinecone.go:190.27,192.3 1 0
fodmap/search/pinecone.go:194.2,196.52 3 1
fodmap/search/pinecone.go:196.52,197.28 1 1
fodmap/search/pinecone.go:197.28,198.31 1 1
fodmap/search/pinecone.go:198.31,200.5 1 1
fodmap/search/pinecone.go:204.2,209.17 1 1
fodmap/search/pinecone.go:213.84,214.21 1 0
fodmap/search/pinecone.go:214.21,216.3 1 0
fodmap/search/pinecone.go:217.2,218.29 2 0
fodmap/search/pinecone.go:218.29,232.3 1 0
fodmap/search/pinecone.go:233.2,233.66 1 0
fodmap/search/pinecone.go:236.106,237.21 1 1
fodmap/search/pinecone.go:237.21,239.3 1 0
fodmap/search/pinecone.go:241.2,242.26 2 1
fodmap/search/pinecone.go:242.26,244.3 1 1
fodmap/search/pinecone.go:246.2,247.16 2 1
fodmap/search/pinecone.go:247.16,249.3 1 0
fodmap/search/pinecone.go:251.2,253.33 3 1
fodmap/search/pinecone.go:253.33,265.3 2 1
fodmap/search/pinecone.go:268.2,268.66 1 1
fodmap/search/pinecone.go:271.110,273.16 2 1
fodmap/search/pinecone.go:273.16,275.3 1 0
fodmap/search/pinecone.go:276.2,277.16 2 1
fodmap/search/pinecone.go:277.16,279.3 1 0
fodmap/search/pinecone.go:280.2,284.16 4 1
fodmap/search/pinecone.go:284.16,286.3 1 0
fodmap/search/pinecone.go:287.2,289.38 2 1
fodmap/search/pinecone.go:289.38,292.3 2 0
fodmap/search/pinecone.go:294.2,295.64 2 1
fodmap/search/pinecone.go:295.64,297.3 1 0
fodmap/search/pinecone.go:298.2,298.17 1 1
fodmap/search/pinecone.go:301.106,303.16 2 1
fodmap/search/pinecone.go:303.16,305.3 1 0
fodmap/search/pinecone.go:306.2,307.16 2 1
fodmap/search/pinecone.go:307.16,309.3 1 0
fodmap/search/pinecone.go:310.2,314.16 4 1
fodmap/search/pinecone.go:314.16,316.3 1 0
fodmap/search/pinecone.go:317.2,319.38 2 1
fodmap/search/pinecone.go:319.38,322.3 2 0
fodmap/search/pinecone.go:323.2,323.12 1 1
fodmap/search/pinecone.go:327.60,329.9 2 1
fodmap/search/pinecone.go:329.9,331.3 1 0
fodmap/search/pinecone.go:332.2,332.19 1 1
fodmap/search/postgres.go:23.73,25.16 2 0
fodmap/search/postgres.go:25.16,27.3 1 0
fodmap/search/postgres.go:30.2,30.34 1 0
fodmap/search/postgres.go:30.34,33.3 2 0
fodmap/search/postgres.go:35.2,38.8 1 0
fodmap/search/postgres.go:42.66,61.32 2 1
fodmap/search/postgres.go:61.32,62.57 1 1
fodmap/search/postgres.go:62.57,64.4 1 0
fodmap/search/postgres.go:66.2,66.12 1 1
fodmap/search/postgres.go:70.84,71.21 1 1
fodmap/search/postgres.go:71.21,73.3 1 0
fodmap/search/postgres.go:75.2,76.16 2 1
fodmap/search/postgres.go:76.16,78.3 1 0
fodmap/search/postgres.go:79.2,79.15 1 1
fodmap/search/postgres.go:79.15,81.3 1 1
fodmap/search/postgres.go:83.2,96.16 2 1
fodmap/search/postgres.go:96.16,98.3 1 0
fodmap/search/postgres.go:99.2,101.29 2 1
fodmap/search/postgres.go:101.29,112.17 1 1
fodmap/search/postgres.go:112.17,114.4 1 0
fodmap/search/postgres.go:117.2,117.20 1 1
fodmap/search/postgres.go:121.72,134.32 2 1
fodmap/search/postgres.go:134.32,135.57 1 1
fodmap/search/postgres.go:135.57,137.4 1 0
fodmap/search/postgres.go:139.2,139.12 1 1
fodmap/search/postgres.go:143.106,144.21 1 1
fodmap/search/postgres.go:144.21,146.3 1 0
fodmap/search/postgres.go:149.2,150.16 2 1
fodmap/search/postgres.go:150.16,152.3 1 0
fodmap/search/postgres.go:153.2,153.15 1 1
fodmap/search/postgres.go:153.15,155.3 1 1
fodmap/search/postgres.go:157.2,166.16 2 1
fodmap/search/postgres.go:166.16,168.3 1 0
fodmap/search/postgres.go:169.2,171.33 2 1
fodmap/search/postgres.go:171.33,174.17 2 1
fodmap/search/postgres.go:174.17,176.4 1 0
fodmap/search/postgres.go:178.3,178.131 1 1
fodmap/search/postgres.go:178.131,180.4 1 0
fodmap/search/postgres.go:183.2,183.20 1 1
fodmap/search/postgres.go:187.110,189.16 2 1
fodmap/search/postgres.go:189.16,191.3 1 0
fodmap/search/postgres.go:193.2,207.16 5 1
fodmap/search/postgres.go:207.16,208.27 1 0
fodmap/search/postgres.go:208.27,210.4 1 0
fodmap/search/postgres.go:211.3,211.64 1 0
fodmap/search/postgres.go:214.2,214.28 1 1
fodmap/search/postgres.go:220.46,225.25 1 1
fodmap/search/postgres.go:226.14,228.14 2 1
fodmap/search/postgres.go:228.14,231.4 2 0
fodmap/search/postgres.go:232.3,233.13 2 1
fodmap/search/postgres.go:234.16,236.13 2 1
fodmap/search/postgres.go:237.11,239.13 2 1
fodmap/search/postgres.go:240.10,242.65 1 0
fodmap/search/postgres.go:247.129,249.16 2 1
fodmap/search/postgres.go:249.16,251.3 1 0
fodmap/search/postgres.go:254.2,258.27 4 1
fodmap/search/postgres.go:258.27,262.3 3 1
fodmap/search/postgres.go:263.2,263.23 1 1
fodmap/search/postgres.go:263.23,267.3 3 1
fodmap/search/postgres.go:268.2,268.24 1 1
fodmap/search/postgres.go:268.24,272.3 3 1
fodmap/search/postgres.go:274.2,275.27 2 1
fodmap/search/postgres.go:275.27,277.3 1 1
fodmap/search/postgres.go:282.2,306.16 4 1
fodmap/search/postgres.go:306.16,308.3 1 0
fodmap/search/postgres.go:309.2,312.18 3 1
fodmap/search/postgres.go:312.18,315.88 3 1
fodmap/search/postgres.go:315.88,317.4 1 0
fodmap/search/postgres.go:318.3,318.18 1 1
fodmap/search/postgres.go:318.18,320.4 1 1
fodmap/search/postgres.go:321.3,321.37 1 1
fodmap/search/postgres.go:323.2,323.50 1 1
fodmap/search/postgres.go:327.127,329.16 2 1
fodmap/search/postgres.go:329.16,331.3 1 0
fodmap/search/postgres.go:333.2,337.29 4 1
fodmap/search/postgres.go:337.29,341.3 3 1
fodmap/search/postgres.go:342.2,342.23 1 1
fodmap/search/postgres.go:342.23,346.3 3 0
fodmap/search/postgres.go:347.2,347.24 1 1
fodmap/search/postgres.go:347.24,351.3 3 0
fodmap/search/postgres.go:352.2,352.31 1 1
fodmap/search/postgres.go:352.31,358.3 3 1
fodmap/search/postgres.go:360.2,361.27 2 1
fodmap/search/postgres.go:361.27,363.3 1 1
fodmap/search/postgres.go:365.2,376.16 4 1
fodmap/search/postgres.go:376.16,378.3 1 0
fodmap/search/postgres.go:379.2,382.18 3 1
fodmap/search/postgres.go:382.18,385.163 3 1
fodmap/search/postgres.go:385.163,387.4 1 0
fodmap/search/postgres.go:388.3,388.17 1 1
fodmap/search/postgres.go:388.17,390.4 1 1
fodmap/search/postgres.go:391.3,391.18 1 1
fodmap/search/postgres.go:391.18,393.4 1 1
fodmap/search/postgres.go:394.3,394.31 1 1
fodmap/search/postgres.go:396.2,396.53 1 1
fodmap/search/vectorizer.go:26.60,31.2 1 0
fodmap/search/vectorizer.go:34.93,36.2 1 0
fodmap/search/vectorizer.go:39.97,41.2 1 0
fodmap/search/vectorizer.go:44.42,44.56 1 0
fodmap/search/vectorizer.go:47.97,49.16 2 0
fodmap/search/vectorizer.go:49.16,51.3 1 0
fodmap/search/vectorizer.go:53.2,54.16 2 0
fodmap/search/vectorizer.go:54.16,56.3 1 0
fodmap/search/vectorizer.go:57.2,60.16 3 0
fodmap/search/vectorizer.go:60.16,62.3 1 0
fodmap/search/vectorizer.go:63.2,65.38 2 0
fodmap/search/vectorizer.go:65.38,68.3 2 0
fodmap/search/vectorizer.go:70.2,73.64 2 0
fodmap/search/vectorizer.go:73.64,75.3 1 0
fodmap/search/vectorizer.go:77.2,77.24 1 0
fodmap/search/vectorizer.go:81.101,82.21 1 0
fodmap/search/vectorizer.go:82.21,84.3 1 0
fodmap/search/vectorizer.go:86.2,87.16 2 0
fodmap/search/vectorizer.go:87.16,89.3 1 0
fodmap/search/vectorizer.go:91.2,92.16 2 0
fodmap/search/vectorizer.go:92.16,94.3 1 0
fodmap/search/vectorizer.go:95.2,98.16 3 0
fodmap/search/vectorizer.go:98.16,100.3 1 0
fodmap/search/vectorizer.go:101.2,103.38 2 0
fodmap/search/vectorizer.go:103.38,106.3 2 0
fodmap/search/vectorizer.go:110.2,111.58 2 0
fodmap/search/vectorizer.go:111.58,113.3 1 0
fodmap/search/vectorizer.go:115.2,118.32 3 0
fodmap/search/vectorizer.go:118.32,120.3 1 0
fodmap/search/vectorizer.go:123.2,124.75 2 0
fodmap/search/vectorizer.go:124.75,126.3 1 0
fodmap/search/vectorizer.go:129.2,130.36 2 0
fodmap/search/vectorizer.go:130.36,132.3 1 0
fodmap/search/vectorizer.go:134.2,134.20 1 0
fodmap/search/weaviate.go:96.81,97.18 1 1
fodmap/search/weaviate.go:97.18,99.3 1 0
fodmap/search/weaviate.go:100.2,107.18 2 1
fodmap/search/weaviate.go:107.18,109.3 1 0
fodmap/search/weaviate.go:110.2,111.16 2 1
fodmap/search/weaviate.go:111.16,113.3 1 0
fodmap/search/weaviate.go:114.2,114.49 1 1
fodmap/search/weaviate.go:119.58,121.16 2 1
fodmap/search/weaviate.go:121.16,124.3 1 0
fodmap/search/weaviate.go:126.2,141.78 2 1
fodmap/search/weaviate.go:141.78,143.3 1 0
fodmap/search/weaviate.go:144.2,144.12 1 1
fodmap/search/weaviate.go:149.76,151.29 2 1
fodmap/search/weaviate.go:151.29,168.3 2 1
fodmap/search/weaviate.go:170.2,171.16 2 1
fodmap/search/weaviate.go:171.16,173.60 2 0
fodmap/search/weaviate.go:173.60,175.4 1 0
fodmap/search/weaviate.go:176.3,176.45 1 0
fodmap/search/weaviate.go:178.2,178.33 1 1
fodmap/search/weaviate.go:178.33,179.54 1 0
fodmap/search/weaviate.go:179.54,181.4 1 0
fodmap/search/weaviate.go:183.2,183.12 1 1
fodmap/search/weaviate.go:189.121,203.37 3 1
fodmap/search/weaviate.go:203.37,205.17 2 1
fodmap/search/weaviate.go:205.17,207.4 1 0
fodmap/search/weaviate.go:208.3,214.40 3 1
fodmap/search/weaviate.go:215.8,215.24 1 1
fodmap/search/weaviate.go:215.24,217.17 2 1
fodmap/search/weaviate.go:217.17,219.4 1 0
fodmap/search/weaviate.go:220.3,222.40 3 1
fodmap/search/weaviate.go:223.8,227.30 2 0
fodmap/search/weaviate.go:227.30,229.4 1 0
fodmap/search/weaviate.go:230.3,230.40 1 0
fodmap/search/weaviate.go:233.2,233.53 1 1
fodmap/search/weaviate.go:233.53,235.3 1 0
fodmap/search/weaviate.go:237.2,238.16 2 1
fodmap/search/weaviate.go:238.16,240.3 1 0
fodmap/search/weaviate.go:241.2,241.24 1 1
fodmap/search/weaviate.go:241.24,243.3 1 0
fodmap/search/weaviate.go:245.2,245.45 1 1
fodmap/search/weaviate.go:249.119,264.37 3 1
fodmap/search/weaviate.go:264.37,266.17 2 1
fodmap/search/weaviate.go:266.17,268.4 1 0
fodmap/search/weaviate.go:269.3,275.40 3 1
fodmap/search/weaviate.go:276.8,276.24 1 0
fodmap/search/weaviate.go:276.24,278.17 2 0
fodmap/search/weaviate.go:278.17,280.4 1 0
fodmap/search/weaviate.go:281.3,283.40 3 0
fodmap/search/weaviate.go:284.8,286.3 1 0
fodmap/search/weaviate.go:288.2,288.53 1 1
fodmap/search/weaviate.go:288.53,290.3 1 0
fodmap/search/weaviate.go:292.2,293.16 2 1
fodmap/search/weaviate.go:293.16,295.3 1 0
fodmap/search/weaviate.go:296.2,296.24 1 1
fodmap/search/weaviate.go:296.24,298.3 1 0
fodmap/search/weaviate.go:300.2,300.42 1 1
fodmap/search/weaviate.go:305.61,308.22 2 1
fodmap/search/weaviate.go:308.22,314.3 1 1
fodmap/search/weaviate.go:315.2,315.18 1 1
fodmap/search/weaviate.go:315.18,321.3 1 1
fodmap/search/weaviate.go:322.2,322.19 1 1
fodmap/search/weaviate.go:322.19,328.3 1 1
fodmap/search/weaviate.go:329.2,329.24 1 1
fodmap/search/weaviate.go:329.24,335.3 1 1
fodmap/search/weaviate.go:336.2,336.26 1 1
fodmap/search/weaviate.go:336.26,338.34 2 0
fodmap/search/weaviate.go:338.34,344.4 1 0
fodmap/search/weaviate.go:345.3,345.26 1 0
fodmap/search/weaviate.go:345.26,350.4 1 0
fodmap/search/weaviate.go:353.2,353.23 1 1
fodmap/search/weaviate.go:354.9,355.13 1 1
fodmap/search/weaviate.go:356.9,357.21 1 1
fodmap/search/weaviate.go:358.10,359.74 1 1
fodmap/search/weaviate.go:365.54,366.57 1 1
fodmap/search/weaviate.go:366.57,368.3 1 1
fodmap/search/weaviate.go:369.2,369.61 1 1
fodmap/search/weaviate.go:369.61,371.3 1 1
fodmap/search/weaviate.go:372.2,372.12 1 1
fodmap/search/weaviate.go:377.79,379.9 2 1
fodmap/search/weaviate.go:379.9,381.3 1 1
fodmap/search/weaviate.go:382.2,383.9 2 1
fodmap/search/weaviate.go:383.9,385.3 1 0
fodmap/search/weaviate.go:386.2,387.9 2 1
fodmap/search/weaviate.go:387.9,389.3 1 0
fodmap/search/weaviate.go:390.2,391.9 2 1
fodmap/search/weaviate.go:391.9,393.3 1 0
fodmap/search/weaviate.go:396.2,404.28 3 1
fodmap/search/weaviate.go:404.28,406.10 2 1
fodmap/search/weaviate.go:406.10,407.12 1 0
fodmap/search/weaviate.go:409.3,410.23 2 1
fodmap/search/weaviate.go:410.23,411.12 1 0
fodmap/search/weaviate.go:413.3,419.15 5 1
fodmap/search/weaviate.go:419.15,425.4 5 1
fodmap/search/weaviate.go:426.3,427.16 2 1
fodmap/search/weaviate.go:427.16,429.4 1 0
fodmap/search/weaviate.go:433.2,442.29 3 1
fodmap/search/weaviate.go:442.29,444.37 2 1
fodmap/search/weaviate.go:444.37,444.59 1 1
fodmap/search/weaviate.go:445.3,447.26 3 1
fodmap/search/weaviate.go:447.26,449.4 1 1
fodmap/search/weaviate.go:450.3,456.26 1 1
fodmap/search/weaviate.go:456.26,457.26 1 1
fodmap/search/weaviate.go:457.26,459.6 1 1
fodmap/search/weaviate.go:460.5,461.31 2 0
fodmap/search/weaviate.go:461.31,463.6 1 0
fodmap/search/weaviate.go:464.5,464.40 1 0
fodmap/search/weaviate.go:469.2,469.42 1 1
fodmap/search/weaviate.go:469.42,469.88 1 1
fodmap/search/weaviate.go:471.2,472.49 2 1
fodmap/search/weaviate.go:472.49,481.3 1 1
fodmap/search/weaviate.go:482.2,482.38 1 1
fodmap/search/weaviate.go:486.77,488.9 2 1
fodmap/search/weaviate.go:488.9,490.3 1 1
fodmap/search/weaviate.go:491.2,492.9 2 1
fodmap/search/weaviate.go:492.9,494.3 1 0
fodmap/search/weaviate.go:495.2,496.9 2 1
fodmap/search/weaviate.go:496.9,498.3 1 0
fodmap/search/weaviate.go:499.2,500.9 2 1
fodmap/search/weaviate.go:500.9,502.3 1 0
fodmap/search/weaviate.go:504.2,505.28 2 1
fodmap/search/weaviate.go:505.28,507.10 2 1
fodmap/search/weaviate.go:507.10,508.12 1 0
fodmap/search/weaviate.go:510.3,512.41 3 1
fodmap/search/weaviate.go:512.41,513.12 1 1
fodmap/search/weaviate.go:515.3,530.5 7 1
fodmap/search/weaviate.go:533.2,533.55 1 1
fodmap/search/weaviate.go:533.55,534.24 1 1
fodmap/search/weaviate.go:534.24,536.4 1 1
fodmap/search/weaviate.go:537.3,537.24 1 1
fodmap/search/weaviate.go:537.24,539.4 1 1
fodmap/search/weaviate.go:540.3,540.11 1 0
fodmap/search/weaviate.go:543.2,543.26 1 1
fodmap/search/weaviate.go:543.26,545.3 1 1
fodmap/search/weaviate.go:546.2,546.48 1 1
fodmap/search/weaviate.go:550.64,552.16 2 0
fodmap/search/weaviate.go:552.16,554.3 1 0
fodmap/search/weaviate.go:556.2,566.78 2 0
fodmap/search/weaviate.go:566.78,568.3 1 0
fodmap/search/weaviate.go:569.2,569.12 1 0
fodmap/search/weaviate.go:574.98,576.33 2 1
fodmap/search/weaviate.go:576.33,578.17 2 1
fodmap/search/weaviate.go:578.17,580.4 1 0
fodmap/search/weaviate.go:581.3,592.5 2 1
fodmap/search/weaviate.go:594.2,595.16 2 1
fodmap/search/weaviate.go:595.16,597.60 2 0
fodmap/search/weaviate.go:597.60,599.4 1 0
fodmap/search/weaviate.go:600.3,600.52 1 0
fodmap/search/weaviate.go:602.2,602.33 1 1
fodmap/search/weaviate.go:602.33,603.54 1 0
fodmap/search/weaviate.go:603.54,605.4 1 0
fodmap/search/weaviate.go:607.2,607.12 1 1
fodmap/search/weaviate.go:611.102,613.16 2 1
fodmap/search/weaviate.go:613.16,615.3 1 0
fodmap/search/weaviate.go:617.2,634.16 4 1
fodmap/search/weaviate.go:634.16,636.3 1 0
fodmap/search/weaviate.go:637.2,637.24 1 1
fodmap/search/weaviate.go:637.24,639.3 1 0
fodmap/search/weaviate.go:641.2,642.9 2 1
fodmap/search/weaviate.go:642.9,644.3 1 0
fodmap/search/weaviate.go:645.2,645.23 1 1
fodmap/search/weaviate.go:649.91,651.9 2 1
fodmap/search/weaviate.go:651.9,653.3 1 1
fodmap/search/weaviate.go:654.2,655.28 2 1
fodmap/search/weaviate.go:655.28,657.3 1 0
fodmap/search/weaviate.go:658.2,659.9 2 1
fodmap/search/weaviate.go:659.9,661.3 1 0
fodmap/search/weaviate.go:663.2,668.50 5 1
fodmap/search/weaviate.go:668.50,669.33 1 1
fodmap/search/weaviate.go:669.33,670.31 1 1
fodmap/search/weaviate.go:670.31,672.5 1 1
fodmap/search/weaviate.go:676.2,677.63 2 1
fodmap/search/weaviate.go:677.63,679.3 1 1
fodmap/search/weaviate.go:681.2,686.20 1 1
fodmap/search/weaviate.go:688.62,689.20 1 0
fodmap/search/weaviate.go:689.20,691.3 1 0
fodmap/search/weaviate.go:692.2,693.25 2 0
fodmap/search/weaviate.go:693.25,695.3 1 0
fodmap/search/weaviate.go:696.2,696.33 1 0
fodmap/server/auth_handler.go:39.74,40.24 1 1
fodmap/server/auth_handler.go:40.24,43.3 2 1
fodmap/server/auth_handler.go:45.2,46.61 2 1
fodmap/server/auth_handler.go:46.61,49.3 2 1
fodmap/server/auth_handler.go:51.2,51.43 1 1
fodmap/server/auth_handler.go:51.43,54.3 2 1
fodmap/server/auth_handler.go:55.2,55.27 1 1
fodmap/server/auth_handler.go:55.27,58.3 2 1
fodmap/server/auth_handler.go:60.2,64.55 2 1
fodmap/server/auth_handler.go:64.55,67.3 2 0
fodmap/server/auth_handler.go:69.2,69.66 1 1
fodmap/server/auth_handler.go:69.66,73.3 3 1
fodmap/server/auth_handler.go:76.2,77.16 2 1
fodmap/server/auth_handler.go:77.16,81.3 1 0
fodmap/server/auth_handler.go:83.2,93.4 3 1
fodmap/server/auth_handler.go:96.71,97.24 1 1
fodmap/server/auth_handler.go:97.24,100.3 2 1
fodmap/server/auth_handler.go:102.2,103.61 2 1
fodmap/server/auth_handler.go:103.61,106.3 2 1
fodmap/server/auth_handler.go:108.2,109.31 2 1
fodmap/server/auth_handler.go:109.31,112.3 2 1
fodmap/server/auth_handler.go:114.2,114.39 1 1
fodmap/server/auth_handler.go:114.39,117.3 2 1
fodmap/server/auth_handler.go:119.2,120.16 2 1
fodmap/server/auth_handler.go:120.16,123.3 2 0
fodmap/server/auth_handler.go:125.2,134.4 2 1
fodmap/server/auth_handler.go:137.73,138.23 1 1
fodmap/server/auth_handler.go:138.23,141.3 2 1
fodmap/server/auth_handler.go:143.2,144.61 2 1
fodmap/server/auth_handler.go:144.61,147.3 2 1
fodmap/server/auth_handler.go:149.2,150.16 2 1
fodmap/server/auth_handler.go:150.16,153.3 2 1
fodmap/server/auth_handler.go:155.2,155.24 1 1
fodmap/server/auth_handler.go:155.24,157.32 2 1
fodmap/server/auth_handler.go:157.32,160.4 2 1
fodmap/server/auth_handler.go:163.2,164.16 2 1
fodmap/server/auth_handler.go:164.16,167.3 2 0
fodmap/server/auth_handler.go:169.2,173.4 2 1
fodmap/server/auth_handler.go:176.72,179.2 2 1
fodmap/server/auth_handler.go:181.68,185.2 3 1
fodmap/server/chat_handler.go:53.69,54.54 1 1
fodmap/server/chat_handler.go:54.54,61.62 5 1
fodmap/server/chat_handler.go:61.62,64.4 2 0
fodmap/server/chat_handler.go:65.3,65.24 1 1
fodmap/server/chat_handler.go:65.24,68.4 2 1
fodmap/server/chat_handler.go:71.3,71.19 1 1
fodmap/server/chat_handler.go:71.19,73.4 1 0
fodmap/server/chat_handler.go:76.3,76.46 1 1
fodmap/server/chat_handler.go:76.46,79.4 2 1
fodmap/server/chat_handler.go:81.3,81.61 1 1
fodmap/server/chat_handler.go:81.61,84.4 2 1
fodmap/server/chat_handler.go:86.3,86.24 1 1
fodmap/server/chat_handler.go:86.24,89.4 2 1
fodmap/server/chat_handler.go:91.3,92.17 2 1
fodmap/server/chat_handler.go:92.17,94.4 1 1
fodmap/server/chat_handler.go:97.3,105.31 6 1
fodmap/server/chat_handler.go:105.31,108.33 3 1
fodmap/server/chat_handler.go:108.33,111.5 2 0
fodmap/server/chat_handler.go:112.4,112.45 1 1
fodmap/server/chat_handler.go:112.45,115.5 2 0
fodmap/server/chat_handler.go:118.4,119.18 2 1
fodmap/server/chat_handler.go:119.18,122.5 2 0
fodmap/server/chat_handler.go:123.4,123.43 1 1
fodmap/server/chat_handler.go:126.3,129.18 3 1
fodmap/server/chat_handler.go:129.18,132.19 1 1
fodmap/server/chat_handler.go:132.19,134.53 2 1
fodmap/server/chat_handler.go:134.53,137.6 2 1
fodmap/server/chat_handler.go:138.5,140.21 2 1
fodmap/server/chat_handler.go:140.21,142.6 1 1
fodmap/server/chat_handler.go:144.5,151.69 2 1
fodmap/server/chat_handler.go:151.69,155.6 3 0
fodmap/server/chat_handler.go:156.5,156.85 1 1
fodmap/server/chat_handler.go:157.10,162.5 2 0
fodmap/server/chat_handler.go:165.3,166.60 2 1
fodmap/server/chat_handler.go:166.60,170.44 3 1
fodmap/server/chat_handler.go:170.44,175.5 4 0
fodmap/server/chat_handler.go:175.10,183.36 6 1
fodmap/server/chat_handler.go:183.36,186.44 3 0
fodmap/server/chat_handler.go:186.44,188.7 1 0
fodmap/server/chat_handler.go:189.6,192.20 2 0
fodmap/server/chat_handler.go:192.20,194.45 2 0
fodmap/server/chat_handler.go:194.45,196.8 1 0
fodmap/server/chat_handler.go:197.7,197.51 1 0
fodmap/server/chat_handler.go:197.51,198.89 1 0
fodmap/server/chat_handler.go:198.89,200.9 1 0
fodmap/server/chat_handler.go:203.11,206.6 2 1
fodmap/server/chat_handler.go:208.5,208.19 1 1
fodmap/server/chat_handler.go:208.19,210.54 2 1
fodmap/server/chat_handler.go:210.54,215.7 1 1
fodmap/server/chat_handler.go:216.11,218.6 1 0
fodmap/server/chat_handler.go:220.5,221.19 2 1
fodmap/server/chat_handler.go:221.19,224.6 2 0
fodmap/server/chat_handler.go:226.9,231.4 3 0
fodmap/server/chat_handler.go:233.3,234.22 2 1
fodmap/server/chat_handler.go:234.22,236.4 1 1
fodmap/server/chat_handler.go:238.3,238.20 1 1
fodmap/server/chat_handler.go:238.20,241.4 2 1
fodmap/server/chat_handler.go:244.3,245.110 2 1
fodmap/server/chat_handler.go:245.110,247.4 1 0
fodmap/server/chat_handler.go:247.9,247.26 1 1
fodmap/server/chat_handler.go:247.26,250.4 2 0
fodmap/server/chat_handler.go:253.3,259.44 4 1
fodmap/server/chat_handler.go:259.44,274.66 4 1
fodmap/server/chat_handler.go:274.66,276.5 1 0
fodmap/server/chat_handler.go:279.3,302.62 4 1
fodmap/server/chat_handler.go:302.62,304.4 1 0
fodmap/server/chat_handler.go:306.3,307.13 2 1
fodmap/server/chat_handler.go:307.13,312.11 5 1
fodmap/server/chat_handler.go:312.11,315.5 2 0
fodmap/server/chat_handler.go:318.4,318.25 1 1
fodmap/server/chat_handler.go:318.25,323.5 4 1
fodmap/server/chat_handler.go:325.4,325.32 1 1
fodmap/server/chat_handler.go:325.32,330.5 4 1
fodmap/server/chat_handler.go:332.4,333.18 2 1
fodmap/server/chat_handler.go:333.18,340.5 6 0
fodmap/server/chat_handler.go:343.4,354.19 6 1
fodmap/server/chat_handler.go:356.9,358.18 2 1
fodmap/server/chat_handler.go:358.18,362.5 3 0
fodmap/server/chat_handler.go:365.4,377.39 5 1
fodmap/server/chat_handler.go:382.63,384.25 2 1
fodmap/server/chat_handler.go:384.25,385.17 1 1
fodmap/server/chat_handler.go:386.20,388.68 2 1
fodmap/server/chat_handler.go:388.68,390.13 2 0
fodmap/server/chat_handler.go:392.4,393.31 2 1
fodmap/server/chat_handler.go:393.31,395.5 1 1
fodmap/server/chat_handler.go:396.4,396.32 1 1
fodmap/server/chat_handler.go:397.24,399.72 2 1
fodmap/server/chat_handler.go:399.72,401.13 2 0
fodmap/server/chat_handler.go:403.4,404.35 2 1
fodmap/server/chat_handler.go:404.35,406.5 1 1
fodmap/server/chat_handler.go:407.4,407.32 1 1
fodmap/server/chat_handler.go:408.11,412.6 1 1
fodmap/server/chat_handler.go:415.2,415.16 1 1
fodmap/server/chat_handler.go:420.111,421.40 1 1
fodmap/server/chat_handler.go:421.40,423.17 2 0
fodmap/server/chat_handler.go:423.17,426.12 3 0
fodmap/server/chat_handler.go:428.3,429.17 2 0
fodmap/server/chat_handler.go:429.17,432.12 3 0
fodmap/server/chat_handler.go:434.3,441.56 2 0
fodmap/server/chat_handler.go:441.56,443.4 1 0
fodmap/server/chat_handler.go:444.3,452.56 3 0
fodmap/server/chat_handler.go:452.56,454.4 1 0
fodmap/server/chat_handler.go:455.3,455.8 1 0
fodmap/server/chat_handler.go:457.2,457.12 1 1
fodmap/server/chat_handler.go:460.122,468.51 2 1
fodmap/server/chat_handler.go:468.51,470.3 1 0
fodmap/server/chat_handler.go:471.2,471.12 1 1
fodmap/server/chat_handler.go:476.67,477.92 1 0
fodmap/server/chat_handler.go:477.92,482.17 2 0
fodmap/server/chat_handler.go:482.17,484.4 1 0
fodmap/server/chat_handler.go:485.3,491.17 2 0
fodmap/server/chat_handler.go:491.17,493.4 1 0
fodmap/server/chat_handler.go:494.3,494.34 1 0
fodmap/server/conversation_handler.go:10.83,12.9 2 1
fodmap/server/conversation_handler.go:12.9,15.3 2 0
fodmap/server/conversation_handler.go:17.2,18.16 2 1
fodmap/server/conversation_handler.go:18.16,21.3 2 1
fodmap/server/conversation_handler.go:23.2,24.38 2 1
fodmap/server/conversation_handler.go:27.81,29.9 2 1
fodmap/server/conversation_handler.go:29.9,32.3 2 0
fodmap/server/conversation_handler.go:34.2,36.16 3 1
fodmap/server/conversation_handler.go:36.16,39.3 2 1
fodmap/server/conversation_handler.go:40.2,40.17 1 1
fodmap/server/conversation_handler.go:40.17,43.3 2 1
fodmap/server/conversation_handler.go:45.2,45.27 1 1
fodmap/server/conversation_handler.go:45.27,48.3 2 1
fodmap/server/conversation_handler.go:50.2,51.16 2 1
fodmap/server/conversation_handler.go:51.16,54.3 2 0
fodmap/server/conversation_handler.go:56.2,65.37 3 1
fodmap/server/conversation_handler.go:68.84,70.9 2 1
fodmap/server/conversation_handler.go:70.9,73.3 2 0
fodmap/server/conversation_handler.go:75.2,77.16 3 1
fodmap/server/conversation_handler.go:77.16,80.3 2 1
fodmap/server/conversation_handler.go:81.2,81.17 1 1
fodmap/server/conversation_handler.go:81.17,84.3 2 0
fodmap/server/conversation_handler.go:86.2,86.27 1 1
fodmap/server/conversation_handler.go:86.27,89.3 2 1
fodmap/server/conversation_handler.go:91.2,91.76 1 1
fodmap/server/conversation_handler.go:91.76,94.3 2 0
fodmap/server/conversation_handler.go:96.2,96.37 1 1
fodmap/server/create_conversation.go:29.84,31.61 2 1
fodmap/server/create_conversation.go:31.61,34.3 2 0
fodmap/server/create_conversation.go:36.2,37.18 2 1
fodmap/server/create_conversation.go:37.18,39.3 1 1
fodmap/server/create_conversation.go:41.2,44.26 3 1
fodmap/server/create_conversation.go:44.26,47.29 2 1
fodmap/server/create_conversation.go:47.29,49.4 1 1
fodmap/server/create_conversation.go:49.9,52.51 2 1
fodmap/server/create_conversation.go:52.51,54.5 1 1
fodmap/server/create_conversation.go:54.10,56.5 1 0
fodmap/server/create_conversation.go:58.8,61.51 2 0
fodmap/server/create_conversation.go:61.51,64.4 2 0
fodmap/server/create_conversation.go:65.3,66.46 2 0
fodmap/server/create_conversation.go:69.2,83.17 3 1
fodmap/server/create_conversation.go:83.17,85.3 1 0
fodmap/server/create_conversation.go:86.2,86.17 1 1
fodmap/server/create_conversation.go:86.17,88.3 1 0
fodmap/server/create_conversation.go:89.2,90.16 2 1
fodmap/server/create_conversation.go:90.16,91.51 1 1
fodmap/server/create_conversation.go:91.51,96.4 1 1
fodmap/server/create_conversation.go:98.2,98.74 1 1
fodmap/server/create_conversation.go:98.74,102.3 3 0
fodmap/server/create_conversation.go:107.2,107.33 1 1
fodmap/server/create_conversation.go:107.33,109.41 2 1
fodmap/server/create_conversation.go:109.41,111.4 1 1
fodmap/server/create_conversation.go:112.3,112.57 1 1
fodmap/server/create_conversation.go:115.2,120.17 3 1
fodmap/server/create_conversation.go:120.17,122.3 1 0
fodmap/server/create_conversation.go:127.89,132.58 4 1
fodmap/server/create_conversation.go:132.58,135.3 2 0
fodmap/server/create_conversation.go:137.2,138.50 2 1
fodmap/server/create_conversation.go:138.50,143.3 1 1
fodmap/server/create_conversation.go:145.2,146.26 2 1
fodmap/server/create_conversation.go:146.26,148.17 2 0
fodmap/server/create_conversation.go:148.17,151.4 2 0
fodmap/server/create_conversation.go:152.8,154.3 1 1
fodmap/server/create_conversation.go:156.2,164.57 2 1
fodmap/server/create_conversation.go:164.57,166.3 1 0
fodmap/server/create_conversation.go:166.8,168.3 1 1
fodmap/server/direct_fodmap_client.go:15.59,17.2 1 1
fodmap/server/direct_fodmap_client.go:21.116,23.16 2 1
fodmap/server/direct_fodmap_client.go:23.16,25.3 1 1
fodmap/server/direct_fodmap_client.go:27.2,27.26 1 1
fodmap/server/direct_fodmap_client.go:27.26,33.3 1 1
fodmap/server/direct_fodmap_client.go:35.2,41.8 1 1
fodmap/server/handlers.go:14.73,16.22 2 1
fodmap/server/handlers.go:16.22,19.3 2 1
fodmap/server/handlers.go:21.2,22.16 2 1
fodmap/server/handlers.go:22.16,26.3 3 1
fodmap/server/handlers.go:28.2,29.59 2 0
fodmap/server/handlers.go:29.59,31.3 1 0
fodmap/server/handlers.go:34.79,35.23 1 1
fodmap/server/handlers.go:35.23,38.3 2 1
fodmap/server/handlers.go:40.2,41.13 2 1
fodmap/server/handlers.go:41.13,44.3 2 1
fodmap/server/handlers.go:46.2,47.46 2 1
fodmap/server/handlers.go:47.46,49.27 2 1
fodmap/server/handlers.go:49.27,52.4 2 1
fodmap/server/handlers.go:53.3,53.12 1 1
fodmap/server/handlers.go:56.2,61.46 2 1
fodmap/server/handlers.go:61.46,63.35 2 1
fodmap/server/handlers.go:63.35,66.4 2 1
fodmap/server/handlers.go:67.3,67.28 1 1
fodmap/server/handlers.go:70.2,71.16 2 1
fodmap/server/handlers.go:71.16,75.3 3 1
fodmap/server/handlers.go:78.2,78.30 1 1
fodmap/server/handlers.go:78.30,80.3 1 1
fodmap/server/handlers.go:82.2,91.38 3 1
fodmap/server/handlers.go:91.38,93.3 1 1
fodmap/server/handlers.go:94.2,95.92 2 1
fodmap/server/handlers.go:95.92,97.3 1 0
fodmap/server/handlers.go:100.76,101.23 1 1
fodmap/server/handlers.go:101.23,104.3 2 1
fodmap/server/handlers.go:106.2,107.13 2 1
fodmap/server/handlers.go:107.13,110.3 2 1
fodmap/server/handlers.go:112.2,113.46 2 1
fodmap/server/handlers.go:113.46,115.27 2 1
fodmap/server/handlers.go:115.27,118.4 2 1
fodmap/server/handlers.go:119.3,119.12 1 0
fodmap/server/handlers.go:122.2,128.46 2 1
fodmap/server/handlers.go:128.46,130.35 2 1
fodmap/server/handlers.go:130.35,133.4 2 1
fodmap/server/handlers.go:134.3,134.28 1 1
fodmap/server/handlers.go:137.2,138.16 2 1
fodmap/server/handlers.go:138.16,142.3 3 1
fodmap/server/handlers.go:144.2,154.35 2 1
fodmap/server/handlers.go:154.35,156.3 1 1
fodmap/server/handlers.go:158.2,159.44 2 1
fodmap/server/handlers.go:159.44,168.3 1 1
fodmap/server/handlers.go:169.2,170.87 2 1
fodmap/server/handlers.go:170.87,172.3 1 0
fodmap/server/handlers.go:175.75,176.23 1 1
fodmap/server/handlers.go:176.23,179.3 2 1
fodmap/server/handlers.go:181.2,182.22 2 1
fodmap/server/handlers.go:182.22,185.3 2 1
fodmap/server/handlers.go:187.2,188.16 2 1
fodmap/server/handlers.go:188.16,192.3 3 1
fodmap/server/handlers.go:194.2,209.55 4 1
fodmap/server/handlers.go:209.55,211.3 1 0
fodmap/server/middleware.go:21.63,22.46 1 1
fodmap/server/middleware.go:22.46,23.72 1 1
fodmap/server/middleware.go:23.72,26.40 3 1
fodmap/server/middleware.go:26.40,29.5 2 1
fodmap/server/middleware.go:30.4,31.67 2 1
fodmap/server/middleware.go:31.67,34.5 2 1
fodmap/server/middleware.go:35.4,35.24 1 1
fodmap/server/middleware.go:48.63,54.2 1 1
fodmap/server/middleware.go:56.62,59.34 3 1
fodmap/server/middleware.go:59.34,61.3 1 1
fodmap/server/middleware.go:62.2,64.10 3 1
fodmap/server/middleware.go:68.77,69.46 1 1
fodmap/server/middleware.go:69.46,70.72 1 1
fodmap/server/middleware.go:70.72,73.57 2 1
fodmap/server/middleware.go:73.57,75.5 1 0
fodmap/server/middleware.go:76.4,77.24 2 1
fodmap/server/middleware.go:77.24,81.5 3 1
fodmap/server/middleware.go:82.4,82.24 1 1
fodmap/server/middleware.go:89.76,91.46 2 1
fodmap/server/middleware.go:91.46,92.72 1 1
fodmap/server/middleware.go:92.72,93.11 1 1
fodmap/server/middleware.go:94.27,95.18 1 1
fodmap/server/middleware.go:95.18,95.27 1 1
fodmap/server/middleware.go:96.5,96.25 1 1
fodmap/server/middleware.go:97.12,98.93 1 1
fodmap/server/middleware.go:105.78,106.46 1 1
fodmap/server/middleware.go:106.46,107.72 1 1
fodmap/server/middleware.go:107.72,110.37 3 1
fodmap/server/middleware.go:110.37,111.32 1 1
fodmap/server/middleware.go:111.32,113.11 2 1
fodmap/server/middleware.go:117.4,117.15 1 1
fodmap/server/middleware.go:117.15,121.5 3 1
fodmap/server/middleware.go:123.4,123.29 1 1
fodmap/server/middleware.go:123.29,126.5 2 1
fodmap/server/middleware.go:128.4,128.24 1 1
fodmap/server/middleware.go:134.61,135.46 1 1
fodmap/server/middleware.go:135.46,136.72 1 1
fodmap/server/middleware.go:136.72,139.46 3 1
fodmap/server/middleware.go:139.46,142.5 2 1
fodmap/server/middleware.go:143.4,146.18 3 1
fodmap/server/middleware.go:146.18,150.5 3 1
fodmap/server/middleware.go:152.4,153.41 2 1
fodmap/server/middleware.go:159.82,160.46 1 1
fodmap/server/middleware.go:160.46,161.72 1 1
fodmap/server/middleware.go:161.72,164.46 3 1
fodmap/server/middleware.go:164.46,167.5 2 1
fodmap/server/middleware.go:168.4,171.69 2 1
fodmap/server/middleware.go:171.69,175.5 3 1
fodmap/server/middleware.go:178.4,178.73 1 1
fodmap/server/middleware.go:178.73,181.5 2 1
fodmap/server/middleware.go:183.4,183.71 1 1
fodmap/server/middleware.go:189.81,190.37 1 1
fodmap/server/middleware.go:190.37,192.3 1 1
fodmap/server/middleware.go:193.2,193.10 1 1
fodmap/server/mock_store.go:16.36,22.2 1 1
fodmap/server/mock_store.go:24.80,25.38 1 1
fodmap/server/mock_store.go:25.38,27.3 1 1
fodmap/server/mock_store.go:28.2,29.12 2 1
fodmap/server/mock_store.go:32.95,34.9 2 1
fodmap/server/mock_store.go:34.9,36.3 1 1
fodmap/server/mock_store.go:37.2,37.18 1 1
fodmap/server/mock_store.go:40.89,41.28 1 1
fodmap/server/mock_store.go:41.28,42.17 1 1
fodmap/server/mock_store.go:42.17,44.4 1 1
fodmap/server/mock_store.go:46.2,46.37 1 1
fodmap/server/mock_store.go:49.96,52.2 2 1
fodmap/server/mock_store.go:54.109,56.36 2 1
fodmap/server/mock_store.go:56.36,57.25 1 1
fodmap/server/mock_store.go:57.25,59.4 1 1
fodmap/server/mock_store.go:61.2,61.21 1 1
fodmap/server/mock_store.go:64.101,66.9 2 1
fodmap/server/mock_store.go:66.9,68.3 1 1
fodmap/server/mock_store.go:69.2,69.15 1 1
fodmap/server/mock_store.go:72.82,76.2 3 1
fodmap/server/mock_store.go:78.82,81.2 2 1
fodmap/server/mock_store.go:83.106,85.2 1 1
fodmap/server/mock_store.go:87.39,87.53 1 0
fodmap/server/server.go:73.60,81.49 2 0
fodmap/server/server.go:81.49,83.17 2 0
fodmap/server/server.go:83.17,85.4 1 0
fodmap/server/server.go:86.3,87.50 2 0
fodmap/server/server.go:88.8,88.68 1 0
fodmap/server/server.go:88.68,91.3 2 0
fodmap/server/server.go:91.8,91.35 1 0
fodmap/server/server.go:91.35,93.17 2 0
fodmap/server/server.go:93.17,95.4 1 0
fodmap/server/server.go:96.3,97.65 2 0
fodmap/server/server.go:100.2,100.23 1 0
fodmap/server/server.go:100.23,101.54 1 0
fodmap/server/server.go:101.54,103.4 1 0
fodmap/server/server.go:104.3,104.60 1 0
fodmap/server/server.go:104.60,106.4 1 0
fodmap/server/server.go:107.3,107.74 1 0
fodmap/server/server.go:107.74,109.4 1 0
fodmap/server/server.go:113.2,114.13 2 0
fodmap/server/server.go:114.13,116.3 1 0
fodmap/server/server.go:117.2,118.16 2 0
fodmap/server/server.go:118.16,120.3 1 0
fodmap/server/server.go:121.2,124.30 3 0
fodmap/server/server.go:124.30,126.3 1 0
fodmap/server/server.go:129.2,129.77 1 0
fodmap/server/server.go:129.77,131.22 2 0
fodmap/server/server.go:131.22,133.4 1 0
fodmap/server/server.go:134.3,135.24 2 0
fodmap/server/server.go:135.24,137.4 1 0
fodmap/server/server.go:138.3,148.17 7 0
fodmap/server/server.go:148.17,150.4 1 0
fodmap/server/server.go:151.3,152.57 2 0
fodmap/server/server.go:155.2,155.15 1 0
fodmap/server/server.go:161.53,170.2 1 1
fodmap/server/server.go:182.77,184.13 2 1
fodmap/server/server.go:184.13,186.3 1 0
fodmap/server/server.go:187.2,188.16 2 1
fodmap/server/server.go:188.16,190.3 1 0
fodmap/server/server.go:191.2,192.18 2 1
fodmap/server/server.go:192.18,194.3 1 0
fodmap/server/server.go:195.2,204.3 1 1
fodmap/server/server.go:208.41,249.2 18 1
fodmap/server/server.go:252.32,256.2 3 0
