mode: set
fodmap/auth/jwt.go:22.68,33.16 4 1
fodmap/auth/jwt.go:33.16,35.3 1 0
fodmap/auth/jwt.go:38.2,47.16 4 1
fodmap/auth/jwt.go:47.16,49.3 1 0
fodmap/auth/jwt.go:51.2,51.35 1 1
fodmap/auth/jwt.go:55.66,56.105 1 1
fodmap/auth/jwt.go:56.105,58.58 1 1
fodmap/auth/jwt.go:58.58,60.4 1 0
fodmap/auth/jwt.go:61.3,61.29 1 1
fodmap/auth/jwt.go:64.2,64.16 1 1
fodmap/auth/jwt.go:64.16,66.3 1 1
fodmap/auth/jwt.go:68.2,69.25 2 1
fodmap/auth/jwt.go:69.25,71.3 1 0
fodmap/auth/jwt.go:73.2,73.20 1 1
fodmap/auth/postgres_store.go:17.91,19.16 2 0
fodmap/auth/postgres_store.go:19.16,21.3 1 0
fodmap/auth/postgres_store.go:24.2,25.16 2 0
fodmap/auth/postgres_store.go:25.16,28.3 2 0
fodmap/auth/postgres_store.go:31.2,39.16 3 0
fodmap/auth/postgres_store.go:39.16,42.3 2 0
fodmap/auth/postgres_store.go:44.2,44.36 1 0
fodmap/auth/postgres_store.go:48.75,51.16 3 0
fodmap/auth/postgres_store.go:51.16,53.3 1 0
fodmap/auth/postgres_store.go:54.2,54.12 1 0
fodmap/auth/postgres_store.go:58.90,63.26 5 0
fodmap/auth/postgres_store.go:63.26,65.3 1 0
fodmap/auth/postgres_store.go:66.2,66.16 1 0
fodmap/auth/postgres_store.go:66.16,68.3 1 0
fodmap/auth/postgres_store.go:69.2,69.18 1 0
fodmap/auth/postgres_store.go:73.84,78.26 5 0
fodmap/auth/postgres_store.go:78.26,80.3 1 0
fodmap/auth/postgres_store.go:81.2,81.16 1 0
fodmap/auth/postgres_store.go:81.16,83.3 1 0
fodmap/auth/postgres_store.go:84.2,84.18 1 0
fodmap/auth/postgres_store.go:88.39,90.2 1 0
fodmap/auth/postgres_store.go:104.91,104.105 1 0
fodmap/auth/postgres_store.go:105.104,105.123 1 0
fodmap/auth/postgres_store.go:106.96,106.115 1 0
fodmap/auth/postgres_store.go:107.82,107.96 1 0
fodmap/auth/postgres_store.go:108.77,108.91 1 0
fodmap/auth/postgres_store.go:109.101,109.120 1 0
fodmap/auth/sqlite_store.go:18.66,20.16 2 1
fodmap/auth/sqlite_store.go:20.16,22.3 1 0
fodmap/auth/sqlite_store.go:25.2,25.64 1 1
fodmap/auth/sqlite_store.go:25.64,28.3 2 0
fodmap/auth/sqlite_store.go:31.2,57.28 2 1
fodmap/auth/sqlite_store.go:57.28,58.39 1 1
fodmap/auth/sqlite_store.go:58.39,61.4 2 0
fodmap/auth/sqlite_store.go:64.2,64.34 1 1
fodmap/auth/sqlite_store.go:68.73,71.16 3 1
fodmap/auth/sqlite_store.go:71.16,73.3 1 0
fodmap/auth/sqlite_store.go:74.2,74.12 1 1
fodmap/auth/sqlite_store.go:78.88,83.26 5 1
fodmap/auth/sqlite_store.go:83.26,85.3 1 1
fodmap/auth/sqlite_store.go:86.2,86.16 1 1
fodmap/auth/sqlite_store.go:86.16,88.3 1 0
fodmap/auth/sqlite_store.go:89.2,89.18 1 1
fodmap/auth/sqlite_store.go:93.82,98.26 5 1
fodmap/auth/sqlite_store.go:98.26,100.3 1 0
fodmap/auth/sqlite_store.go:101.2,101.16 1 1
fodmap/auth/sqlite_store.go:101.16,103.3 1 0
fodmap/auth/sqlite_store.go:104.2,104.18 1 1
fodmap/auth/sqlite_store.go:108.89,109.29 1 1
fodmap/auth/sqlite_store.go:109.29,111.3 1 1
fodmap/auth/sqlite_store.go:112.2,112.29 1 1
fodmap/auth/sqlite_store.go:112.29,114.3 1 1
fodmap/auth/sqlite_store.go:115.2,117.16 3 1
fodmap/auth/sqlite_store.go:117.16,119.3 1 0
fodmap/auth/sqlite_store.go:120.2,120.12 1 1
fodmap/auth/sqlite_store.go:124.102,127.16 3 1
fodmap/auth/sqlite_store.go:127.16,129.3 1 0
fodmap/auth/sqlite_store.go:130.2,133.18 3 1
fodmap/auth/sqlite_store.go:133.18,135.106 2 1
fodmap/auth/sqlite_store.go:135.106,137.4 1 0
fodmap/auth/sqlite_store.go:138.3,138.27 1 1
fodmap/auth/sqlite_store.go:140.2,140.19 1 1
fodmap/auth/sqlite_store.go:144.94,149.26 5 1
fodmap/auth/sqlite_store.go:149.26,151.3 1 1
fodmap/auth/sqlite_store.go:152.2,152.16 1 1
fodmap/auth/sqlite_store.go:152.16,154.3 1 0
fodmap/auth/sqlite_store.go:155.2,155.15 1 1
fodmap/auth/sqlite_store.go:159.80,162.2 2 1
fodmap/auth/sqlite_store.go:165.75,166.28 1 1
fodmap/auth/sqlite_store.go:166.28,168.3 1 1
fodmap/auth/sqlite_store.go:169.2,171.16 3 1
fodmap/auth/sqlite_store.go:171.16,173.3 1 0
fodmap/auth/sqlite_store.go:176.2,177.12 2 1
fodmap/auth/sqlite_store.go:181.99,184.16 3 1
fodmap/auth/sqlite_store.go:184.16,186.3 1 0
fodmap/auth/sqlite_store.go:187.2,190.18 3 1
fodmap/auth/sqlite_store.go:190.18,192.109 2 1
fodmap/auth/sqlite_store.go:192.109,194.4 1 0
fodmap/auth/sqlite_store.go:195.3,195.25 1 1
fodmap/auth/sqlite_store.go:197.2,197.18 1 1
fodmap/auth/sqlite_store.go:201.37,203.2 1 1
fodmap/auth/user.go:18.51,20.16 2 1
fodmap/auth/user.go:20.16,22.3 1 0
fodmap/auth/user.go:23.2,24.12 2 1
fodmap/auth/user.go:28.52,31.2 2 1
fodmap/data/data.go:23.89,25.58 2 1
fodmap/data/data.go:25.58,27.3 1 1
fodmap/data/data.go:28.2,28.20 1 1
fodmap/data/data.go:37.36,37.75 2 0
fodmap/data/data.go:39.65,41.16 2 0
fodmap/data/data.go:41.16,43.3 1 0
fodmap/data/data.go:44.2,44.27 1 0
fodmap/data/data.go:44.27,45.41 1 0
fodmap/data/data.go:45.41,47.4 1 0
fodmap/data/data.go:48.3,48.50 1 0
fodmap/data/data.go:50.2,50.61 1 0
fodmap/data/data.go:53.84,55.16 2 0
fodmap/data/data.go:55.16,57.3 1 0
fodmap/data/data.go:59.2,60.16 2 0
fodmap/data/data.go:60.16,63.3 2 0
fodmap/data/data.go:64.2,64.6 1 0
fodmap/data/data.go:64.6,66.31 2 0
fodmap/data/data.go:66.31,70.4 3 0
fodmap/data/data.go:71.3,71.17 1 0
fodmap/data/data.go:71.17,75.4 3 0
fodmap/data/data.go:76.3,76.44 1 0
fodmap/data/data.go:76.44,78.4 1 0
fodmap/data/data.go:83.72,85.16 2 0
fodmap/data/data.go:85.16,87.3 1 0
fodmap/data/data.go:88.2,91.16 3 0
fodmap/data/data.go:91.16,93.3 1 0
fodmap/data/data.go:94.2,95.6 2 0
fodmap/data/data.go:95.6,97.31 2 0
fodmap/data/data.go:97.31,98.9 1 0
fodmap/data/data.go:100.3,100.17 1 0
fodmap/data/data.go:100.17,102.4 1 0
fodmap/data/data.go:103.3,103.45 1 0
fodmap/data/data.go:103.45,104.12 1 0
fodmap/data/data.go:107.3,112.22 5 0
fodmap/data/data.go:112.22,114.62 2 0
fodmap/data/data.go:114.62,115.13 1 0
fodmap/data/data.go:117.4,117.34 1 0
fodmap/data/data.go:117.34,119.5 1 0
fodmap/data/data.go:121.3,121.39 1 0
fodmap/data/data.go:121.39,123.4 1 0
fodmap/data/data.go:124.3,124.22 1 0
fodmap/data/data.go:126.2,126.60 1 0
fodmap/data/data.go:131.60,133.16 2 0
fodmap/data/data.go:133.16,135.3 1 0
fodmap/data/data.go:136.2,139.16 3 0
fodmap/data/data.go:139.16,141.3 1 0
fodmap/data/data.go:142.2,143.6 2 0
fodmap/data/data.go:143.6,145.31 2 0
fodmap/data/data.go:145.31,146.9 1 0
fodmap/data/data.go:148.3,148.17 1 0
fodmap/data/data.go:148.17,150.4 1 0
fodmap/data/data.go:151.3,151.47 1 0
fodmap/data/data.go:151.47,152.12 1 0
fodmap/data/data.go:155.3,160.22 5 0
fodmap/data/data.go:160.22,162.62 2 0
fodmap/data/data.go:162.62,163.13 1 0
fodmap/data/data.go:165.4,165.32 1 0
fodmap/data/data.go:167.3,167.39 1 0
fodmap/data/data.go:167.39,169.4 1 0
fodmap/data/data.go:170.3,170.25 1 0
fodmap/data/data.go:172.2,172.62 1 0
fodmap/data/data.go:176.22,178.16 2 0
fodmap/data/data.go:178.16,180.3 1 0
fodmap/data/data.go:182.2,182.29 1 0
fodmap/data/data.go:182.29,184.3 1 0
fodmap/data/data.go:185.2,185.12 1 0
fodmap/data/io/event.go:16.82,18.16 2 1
fodmap/data/io/event.go:18.16,21.3 2 0
fodmap/data/io/event.go:23.2,23.51 1 1
fodmap/data/io/event.go:26.58,27.27 1 1
fodmap/data/io/event.go:27.27,28.31 1 1
fodmap/data/io/event.go:28.31,30.4 1 1
fodmap/data/io/event.go:32.2,33.33 2 1
fodmap/data/io/event.go:36.37,38.2 1 1
fodmap/data/io/event.go:40.38,42.16 2 1
fodmap/data/io/event.go:42.16,44.3 1 1
fodmap/data/io/event.go:45.2,48.16 3 1
fodmap/data/io/event.go:48.16,50.3 1 0
fodmap/data/io/event.go:52.2,52.24 1 1
fodmap/data/io/event.go:52.24,54.48 2 0
fodmap/data/io/event.go:54.48,56.4 1 0
fodmap/data/io/event.go:57.3,57.36 1 0
fodmap/data/io/event.go:60.2,60.24 1 1
fodmap/chat/chat.go:97.44,98.30 1 1
fodmap/chat/chat.go:98.30,100.3 1 1
fodmap/chat/chat.go:101.2,102.38 2 1
fodmap/chat/chat.go:102.38,103.33 1 1
fodmap/chat/chat.go:103.33,105.4 1 1
fodmap/chat/chat.go:107.2,107.12 1 1
fodmap/chat/chat.go:112.98,113.17 1 0
fodmap/chat/chat.go:113.17,115.3 1 0
fodmap/chat/chat.go:116.2,121.16 3 0
fodmap/chat/chat.go:121.16,123.3 1 0
fodmap/chat/chat.go:124.2,124.85 1 0
fodmap/chat/chat.go:150.135,151.17 1 0
fodmap/chat/chat.go:151.17,156.3 1 0
fodmap/chat/chat.go:158.2,161.6 3 0
fodmap/chat/chat.go:161.6,166.97 2 0
fodmap/chat/chat.go:166.97,167.18 1 0
fodmap/chat/chat.go:167.18,169.5 1 0
fodmap/chat/chat.go:170.4,170.70 1 0
fodmap/chat/chat.go:170.70,171.13 1 0
fodmap/chat/chat.go:174.4,174.58 1 0
fodmap/chat/chat.go:174.58,178.68 1 0
fodmap/chat/chat.go:178.68,179.14 1 0
fodmap/chat/chat.go:183.5,186.24 2 0
fodmap/chat/chat.go:186.24,188.23 2 0
fodmap/chat/chat.go:188.23,190.7 1 0
fodmap/chat/chat.go:192.5,192.33 1 0
fodmap/chat/chat.go:192.33,193.23 1 0
fodmap/chat/chat.go:193.23,195.7 1 0
fodmap/chat/chat.go:201.3,208.37 3 0
fodmap/chat/chat.go:208.37,209.29 1 0
fodmap/chat/chat.go:209.29,214.5 1 0
fodmap/chat/chat.go:217.3,217.29 1 0
fodmap/chat/chat.go:217.29,218.9 1 0
fodmap/chat/chat.go:222.3,223.37 2 0
fodmap/chat/chat.go:223.37,229.4 3 0
fodmap/chat/chat.go:230.3,230.46 1 0
fodmap/chat/chat.go:235.2,236.20 2 0
fodmap/chat/chat.go:239.91,241.14 2 1
fodmap/chat/chat.go:242.23,244.17 2 1
fodmap/chat/chat.go:244.17,247.4 2 1
fodmap/chat/chat.go:248.3,248.16 1 1
fodmap/chat/chat.go:249.26,251.17 2 1
fodmap/chat/chat.go:251.17,254.4 2 0
fodmap/chat/chat.go:255.3,255.16 1 1
fodmap/chat/chat.go:256.10,257.58 1 1
fodmap/chat/chat.go:261.34,266.2 4 1
fodmap/chat/chat.go:270.40,295.2 2 1
fodmap/chat/chat.go:306.94,308.16 2 1
fodmap/chat/chat.go:308.16,310.3 1 1
fodmap/chat/chat.go:311.2,312.28 2 1
fodmap/chat/chat.go:312.28,314.3 1 1
fodmap/chat/chat.go:315.2,321.17 2 1
fodmap/chat/chat.go:321.17,323.3 1 0
fodmap/chat/chat.go:324.2,324.26 1 1
fodmap/chat/chat.go:334.74,339.2 1 1
fodmap/chat/chat.go:341.128,343.20 2 1
fodmap/chat/chat.go:343.20,345.3 1 1
fodmap/chat/chat.go:346.2,346.16 1 1
fodmap/chat/chat.go:346.16,348.3 1 1
fodmap/chat/chat.go:349.2,349.17 1 1
fodmap/chat/chat.go:349.17,351.3 1 1
fodmap/chat/chat.go:352.2,353.16 2 1
fodmap/chat/chat.go:353.16,355.3 1 0
fodmap/chat/chat.go:356.2,357.16 2 1
fodmap/chat/chat.go:357.16,359.3 1 0
fodmap/chat/chat.go:360.2,370.65 3 1
fodmap/chat/chat.go:370.65,372.3 1 0
fodmap/chat/chat.go:373.2,373.31 1 1
fodmap/chat/chat.go:373.31,375.3 1 1
fodmap/chat/chat.go:376.2,377.77 2 1
fodmap/chat/chat.go:380.127,383.16 3 1
fodmap/chat/chat.go:383.16,385.3 1 0
fodmap/chat/chat.go:386.2,387.16 2 1
fodmap/chat/chat.go:387.16,389.3 1 0
fodmap/chat/chat.go:390.2,395.65 3 1
fodmap/chat/chat.go:395.65,397.3 1 0
fodmap/chat/chat.go:398.2,398.26 1 1
fodmap/chat/chat.go:401.115,404.16 3 1
fodmap/chat/chat.go:404.16,406.3 1 0
fodmap/chat/chat.go:407.2,408.16 2 1
fodmap/chat/chat.go:408.16,410.3 1 1
fodmap/chat/chat.go:411.2,413.44 2 1
fodmap/chat/chat.go:413.44,419.3 1 1
fodmap/chat/chat.go:420.2,420.38 1 1
fodmap/chat/chat.go:420.38,422.3 1 1
fodmap/chat/chat.go:424.2,429.65 2 1
fodmap/chat/chat.go:429.65,431.3 1 0
fodmap/chat/chat.go:433.2,439.8 1 1
fodmap/chat/chat.go:451.66,452.19 1 1
fodmap/chat/chat.go:452.19,454.3 1 0
fodmap/chat/chat.go:455.2,459.3 1 1
fodmap/chat/chat.go:462.117,463.48 1 1
fodmap/chat/chat.go:463.48,465.3 1 1
fodmap/chat/chat.go:468.2,469.61 2 1
fodmap/chat/chat.go:469.61,471.3 1 0
fodmap/chat/chat.go:472.2,478.16 5 1
fodmap/chat/chat.go:478.16,480.3 1 0
fodmap/chat/chat.go:481.2,483.16 3 1
fodmap/chat/chat.go:483.16,485.3 1 0
fodmap/chat/chat.go:486.2,488.38 2 1
fodmap/chat/chat.go:488.38,493.3 1 0
fodmap/chat/chat.go:495.2,496.85 2 1
fodmap/chat/chat.go:496.85,501.3 1 0
fodmap/chat/chat.go:503.2,509.54 3 1
fodmap/chat/chat.go:509.54,514.3 1 0
fodmap/chat/chat.go:516.2,518.36 3 1
fodmap/chat/chat.go:518.36,519.39 1 1
fodmap/chat/chat.go:519.39,521.20 2 1
fodmap/chat/chat.go:521.20,524.5 2 1
fodmap/chat/chat.go:527.2,533.17 3 1
fodmap/main.go:10.13,13.2 2 0
fodmap/cli/chat.go:30.13,40.2 9 0
fodmap/cli/chat.go:42.55,53.21 10 0
fodmap/cli/chat.go:53.21,55.3 1 0
fodmap/cli/chat.go:57.2,63.16 5 0
fodmap/cli/chat.go:63.16,65.3 1 0
fodmap/cli/chat.go:66.2,69.16 3 0
fodmap/cli/chat.go:69.16,71.3 1 0
fodmap/cli/chat.go:72.2,75.27 3 0
fodmap/cli/chat.go:75.27,77.17 2 0
fodmap/cli/chat.go:77.17,79.4 1 0
fodmap/cli/chat.go:80.3,80.22 1 0
fodmap/cli/chat.go:83.2,84.16 2 0
fodmap/cli/chat.go:84.16,86.3 1 0
fodmap/cli/chat.go:88.2,89.18 2 0
fodmap/cli/chat.go:89.18,91.3 1 0
fodmap/cli/chat.go:92.2,96.16 2 0
fodmap/cli/chat.go:96.16,98.3 1 0
fodmap/cli/chat.go:100.2,116.21 5 0
fodmap/cli/chat.go:116.21,118.18 2 0
fodmap/cli/chat.go:118.18,120.12 2 0
fodmap/cli/chat.go:122.3,122.41 1 0
fodmap/cli/chat.go:122.41,123.9 1 0
fodmap/cli/chat.go:126.3,126.55 1 0
fodmap/cli/chat.go:126.55,128.12 2 0
fodmap/cli/chat.go:131.3,131.96 1 0
fodmap/cli/chat.go:131.96,133.4 1 0
fodmap/cli/chat.go:133.9,133.26 1 0
fodmap/cli/chat.go:133.26,135.12 2 0
fodmap/cli/chat.go:138.3,138.88 1 0
fodmap/cli/chat.go:138.88,140.4 1 0
fodmap/cli/chat.go:141.3,141.17 1 0
fodmap/cli/chat.go:141.17,143.12 2 0
fodmap/cli/chat.go:145.3,145.45 1 0
fodmap/cli/chat.go:145.45,147.4 1 0
fodmap/cli/chat.go:148.3,148.20 1 0
fodmap/cli/chat.go:150.2,150.22 1 0
fodmap/cli/event.go:23.54,25.23 2 0
fodmap/cli/event.go:25.23,27.4 1 0
fodmap/cli/event.go:28.3,30.17 3 0
fodmap/cli/event.go:30.17,32.4 1 0
fodmap/cli/event.go:33.3,37.17 4 0
fodmap/cli/event.go:37.17,39.4 1 0
fodmap/cli/event.go:40.3,41.17 2 0
fodmap/cli/event.go:41.17,43.4 1 0
fodmap/cli/event.go:44.3,46.47 2 0
fodmap/cli/event.go:46.47,47.35 1 0
fodmap/cli/event.go:47.35,48.10 1 0
fodmap/cli/event.go:50.4,51.71 2 0
fodmap/cli/event.go:51.71,53.5 1 0
fodmap/cli/event.go:54.4,54.42 1 0
fodmap/cli/event.go:54.42,56.5 1 0
fodmap/cli/event.go:58.3,58.43 1 0
fodmap/cli/event.go:58.43,60.4 1 0
fodmap/cli/event.go:61.3,62.13 2 0
fodmap/cli/event.go:69.54,71.22 2 0
fodmap/cli/event.go:71.22,73.4 1 0
fodmap/cli/event.go:74.3,74.52 1 0
fodmap/cli/event.go:74.52,76.4 1 0
fodmap/cli/event.go:77.3,77.13 1 0
fodmap/cli/event.go:81.13,89.2 6 0
fodmap/cli/index.go:36.13,46.2 9 0
fodmap/cli/index.go:58.76,59.50 1 0
fodmap/cli/index.go:59.50,61.3 1 0
fodmap/cli/index.go:62.2,66.47 4 0
fodmap/cli/index.go:66.47,68.3 1 0
fodmap/cli/index.go:70.2,71.25 2 0
fodmap/cli/index.go:71.25,74.22 3 0
fodmap/cli/index.go:74.22,76.4 1 0
fodmap/cli/index.go:77.3,77.19 1 0
fodmap/cli/index.go:79.2,79.21 1 0
fodmap/cli/index.go:84.87,86.29 2 0
fodmap/cli/index.go:86.29,88.3 1 0
fodmap/cli/index.go:90.2,91.16 2 0
fodmap/cli/index.go:91.16,93.3 1 0
fodmap/cli/index.go:95.2,97.16 2 0
fodmap/cli/index.go:97.16,99.3 1 0
fodmap/cli/index.go:100.2,103.16 3 0
fodmap/cli/index.go:103.16,105.3 1 0
fodmap/cli/index.go:106.2,108.27 2 0
fodmap/cli/index.go:108.27,111.3 2 0
fodmap/cli/index.go:113.2,115.16 3 0
fodmap/cli/index.go:115.16,117.3 1 0
fodmap/cli/index.go:118.2,118.32 1 0
fodmap/cli/index.go:118.32,120.3 1 0
fodmap/cli/index.go:122.2,122.30 1 0
fodmap/cli/index.go:122.30,124.3 1 0
fodmap/cli/index.go:125.2,125.12 1 0
fodmap/cli/index.go:128.53,139.20 10 0
fodmap/cli/index.go:139.20,141.3 1 0
fodmap/cli/index.go:142.2,142.21 1 0
fodmap/cli/index.go:142.21,144.3 1 0
fodmap/cli/index.go:146.2,146.26 1 0
fodmap/cli/index.go:146.26,147.65 1 0
fodmap/cli/index.go:147.65,149.4 1 0
fodmap/cli/index.go:152.2,153.16 2 0
fodmap/cli/index.go:153.16,155.3 1 0
fodmap/cli/index.go:157.2,157.49 1 0
fodmap/cli/index.go:157.49,159.3 1 0
fodmap/cli/index.go:161.2,163.16 3 0
fodmap/cli/index.go:163.16,165.3 1 0
fodmap/cli/index.go:166.2,169.21 3 0
fodmap/cli/index.go:169.21,172.3 2 0
fodmap/cli/index.go:172.8,172.33 1 0
fodmap/cli/index.go:172.33,174.17 2 0
fodmap/cli/index.go:174.17,176.4 1 0
fodmap/cli/index.go:177.3,177.17 1 0
fodmap/cli/index.go:177.17,179.4 1 0
fodmap/cli/index.go:182.2,183.16 2 0
fodmap/cli/index.go:183.16,185.3 1 0
fodmap/cli/index.go:186.2,191.30 4 0
fodmap/cli/index.go:191.30,192.22 1 0
fodmap/cli/index.go:192.22,193.9 1 0
fodmap/cli/index.go:197.2,217.23 7 0
fodmap/cli/index.go:217.23,219.13 2 0
fodmap/cli/index.go:219.13,222.29 3 0
fodmap/cli/index.go:222.29,223.31 1 0
fodmap/cli/index.go:223.31,224.14 1 0
fodmap/cli/index.go:226.5,227.49 2 0
fodmap/cli/index.go:227.49,229.14 2 0
fodmap/cli/index.go:231.5,232.49 2 0
fodmap/cli/index.go:232.49,237.6 4 0
fodmap/cli/index.go:238.5,238.70 1 0
fodmap/cli/index.go:238.70,239.14 1 0
fodmap/cli/index.go:241.5,242.32 2 0
fodmap/cli/index.go:242.32,245.6 2 0
fodmap/cli/index.go:247.4,247.22 1 0
fodmap/cli/index.go:247.22,249.5 1 0
fodmap/cli/index.go:252.2,252.12 1 0
fodmap/cli/index.go:252.12,255.3 2 0
fodmap/cli/index.go:258.2,259.26 2 0
fodmap/cli/index.go:259.26,261.3 1 0
fodmap/cli/index.go:262.2,262.21 1 0
fodmap/cli/index.go:262.21,264.13 2 0
fodmap/cli/index.go:264.13,266.31 2 0
fodmap/cli/index.go:266.31,267.31 1 0
fodmap/cli/index.go:267.31,268.14 1 0
fodmap/cli/index.go:270.5,270.29 1 0
fodmap/cli/index.go:270.29,272.47 2 0
fodmap/cli/index.go:272.47,274.21 2 0
fodmap/cli/index.go:274.21,275.13 1 0
fodmap/cli/index.go:277.7,278.58 2 0
fodmap/cli/index.go:280.6,280.20 1 0
fodmap/cli/index.go:280.20,283.15 3 0
fodmap/cli/index.go:286.5,286.26 1 0
fodmap/cli/index.go:290.2,290.12 1 0
fodmap/cli/index.go:290.12,293.3 2 0
fodmap/cli/index.go:296.2,296.23 1 0
fodmap/cli/index.go:296.23,298.13 2 0
fodmap/cli/index.go:298.13,300.36 2 0
fodmap/cli/index.go:300.36,301.31 1 0
fodmap/cli/index.go:301.31,302.14 1 0
fodmap/cli/index.go:304.5,305.46 2 0
fodmap/cli/index.go:305.46,307.20 2 0
fodmap/cli/index.go:307.20,308.12 1 0
fodmap/cli/index.go:310.6,311.57 2 0
fodmap/cli/index.go:313.5,313.19 1 0
fodmap/cli/index.go:313.19,316.14 3 0
fodmap/cli/index.go:318.5,321.29 3 0
fodmap/cli/index.go:321.29,328.24 2 0
fodmap/cli/index.go:328.24,330.7 1 0
fodmap/cli/index.go:331.6,331.74 1 0
fodmap/cli/index.go:331.74,333.7 1 0
fodmap/cli/index.go:340.2,340.21 1 0
fodmap/cli/index.go:340.21,341.29 1 0
fodmap/cli/index.go:341.29,342.9 1 0
fodmap/cli/index.go:344.3,346.17 3 0
fodmap/cli/index.go:348.2,351.38 3 0
fodmap/cli/index.go:351.38,353.3 1 0
fodmap/cli/index.go:355.2,355.36 1 0
fodmap/cli/index.go:355.36,357.3 1 0
fodmap/cli/index.go:359.2,360.12 2 0
fodmap/cli/index.go:365.47,367.36 2 0
fodmap/cli/index.go:367.36,369.3 1 0
fodmap/cli/index.go:370.2,370.16 1 0
fodmap/cli/index.go:370.16,372.3 1 0
fodmap/cli/index.go:373.2,374.16 2 0
fodmap/cli/index.go:374.16,376.3 1 0
fodmap/cli/index.go:377.2,377.15 1 0
fodmap/cli/index.go:381.50,383.83 2 0
fodmap/cli/index.go:383.83,385.3 1 0
fodmap/cli/index.go:386.2,386.45 1 0
fodmap/cli/index.go:386.45,388.3 1 0
fodmap/cli/index.go:389.2,389.12 1 0
fodmap/cli/root.go:16.67,18.3 1 0
fodmap/cli/root.go:21.13,23.2 1 0
fodmap/cli/root.go:25.19,31.45 5 0
fodmap/cli/root.go:31.45,32.56 1 0
fodmap/cli/root.go:32.56,34.4 1 0
fodmap/cli/root.go:38.16,39.42 1 0
fodmap/cli/root.go:39.42,42.3 2 0
fodmap/cli/serve.go:18.54,31.22 12 0
fodmap/cli/serve.go:31.22,33.4 1 0
fodmap/cli/serve.go:34.3,34.22 1 0
fodmap/cli/serve.go:34.22,36.4 1 0
fodmap/cli/serve.go:38.3,39.17 2 0
fodmap/cli/serve.go:39.17,41.4 1 0
fodmap/cli/serve.go:42.3,44.32 2 0
fodmap/cli/serve.go:44.32,46.4 1 0
fodmap/cli/serve.go:47.3,47.42 1 0
fodmap/cli/serve.go:47.42,49.4 1 0
fodmap/cli/serve.go:51.3,65.17 2 0
fodmap/cli/serve.go:65.17,67.4 1 0
fodmap/cli/serve.go:68.3,68.37 1 0
fodmap/cli/serve.go:68.37,70.4 1 0
fodmap/cli/serve.go:71.3,71.13 1 0
fodmap/cli/serve.go:75.13,90.2 13 0
fodmap/search/pinecone.go:30.87,37.2 1 1
fodmap/search/pinecone.go:49.129,51.16 2 1
fodmap/search/pinecone.go:51.16,53.3 1 0
fodmap/search/pinecone.go:56.2,64.70 2 1
fodmap/search/pinecone.go:64.70,66.24 2 0
fodmap/search/pinecone.go:66.24,66.77 1 0
fodmap/search/pinecone.go:67.3,67.25 1 0
fodmap/search/pinecone.go:67.25,67.80 1 0
fodmap/search/pinecone.go:68.3,68.28 1 0
fodmap/search/pinecone.go:68.28,68.97 1 0
fodmap/search/pinecone.go:69.3,69.24 1 0
fodmap/search/pinecone.go:72.2,73.16 2 1
fodmap/search/pinecone.go:73.16,75.3 1 0
fodmap/search/pinecone.go:78.2,80.32 3 1
fodmap/search/pinecone.go:80.32,82.33 2 1
fodmap/search/pinecone.go:82.33,83.12 1 1
fodmap/search/pinecone.go:85.3,93.31 3 1
fodmap/search/pinecone.go:93.31,94.9 1 1
fodmap/search/pinecone.go:98.2,98.50 1 1
fodmap/search/pinecone.go:102.127,104.16 2 1
fodmap/search/pinecone.go:104.16,106.3 1 0
fodmap/search/pinecone.go:108.2,116.29 2 1
fodmap/search/pinecone.go:116.29,118.3 1 1
fodmap/search/pinecone.go:120.2,121.16 2 1
fodmap/search/pinecone.go:121.16,123.3 1 0
fodmap/search/pinecone.go:125.2,126.32 2 1
fodmap/search/pinecone.go:126.32,140.3 1 1
fodmap/search/pinecone.go:142.2,142.53 1 1
fodmap/search/pinecone.go:146.110,148.16 2 1
fodmap/search/pinecone.go:148.16,150.3 1 0
fodmap/search/pinecone.go:152.2,160.16 3 1
fodmap/search/pinecone.go:160.16,162.3 1 0
fodmap/search/pinecone.go:164.2,164.27 1 1
fodmap/search/pinecone.go:164.27,166.3 1 0
fodmap/search/pinecone.go:168.2,170.52 3 1
fodmap/search/pinecone.go:170.52,171.28 1 1
fodmap/search/pinecone.go:171.28,172.31 1 1
fodmap/search/pinecone.go:172.31,172.61 1 1
fodmap/search/pinecone.go:176.2,181.17 1 1
fodmap/search/pinecone.go:185.106,186.21 1 1
fodmap/search/pinecone.go:186.21,188.3 1 0
fodmap/search/pinecone.go:190.2,191.26 2 1
fodmap/search/pinecone.go:191.26,193.3 1 1
fodmap/search/pinecone.go:195.2,196.16 2 1
fodmap/search/pinecone.go:196.16,198.3 1 0
fodmap/search/pinecone.go:200.2,202.33 3 1
fodmap/search/pinecone.go:202.33,214.3 2 1
fodmap/search/pinecone.go:217.2,217.66 1 1
fodmap/search/pinecone.go:220.110,222.16 2 1
fodmap/search/pinecone.go:222.16,224.3 1 0
fodmap/search/pinecone.go:225.2,226.16 2 1
fodmap/search/pinecone.go:226.16,228.3 1 0
fodmap/search/pinecone.go:229.2,233.16 4 1
fodmap/search/pinecone.go:233.16,235.3 1 0
fodmap/search/pinecone.go:236.2,238.38 2 1
fodmap/search/pinecone.go:238.38,241.3 2 0
fodmap/search/pinecone.go:243.2,244.64 2 1
fodmap/search/pinecone.go:244.64,246.3 1 0
fodmap/search/pinecone.go:247.2,247.17 1 1
fodmap/search/pinecone.go:250.106,252.16 2 1
fodmap/search/pinecone.go:252.16,254.3 1 0
fodmap/search/pinecone.go:255.2,256.16 2 1
fodmap/search/pinecone.go:256.16,258.3 1 0
fodmap/search/pinecone.go:259.2,263.16 4 1
fodmap/search/pinecone.go:263.16,265.3 1 0
fodmap/search/pinecone.go:266.2,268.38 2 1
fodmap/search/pinecone.go:268.38,271.3 2 0
fodmap/search/pinecone.go:272.2,272.12 1 1
fodmap/search/vectorizer.go:21.60,26.2 1 1
fodmap/search/vectorizer.go:29.97,31.16 2 1
fodmap/search/vectorizer.go:31.16,33.3 1 0
fodmap/search/vectorizer.go:35.2,36.16 2 1
fodmap/search/vectorizer.go:36.16,38.3 1 0
fodmap/search/vectorizer.go:39.2,42.16 3 1
fodmap/search/vectorizer.go:42.16,44.3 1 0
fodmap/search/vectorizer.go:45.2,47.38 2 1
fodmap/search/vectorizer.go:47.38,50.3 2 0
fodmap/search/vectorizer.go:52.2,55.64 2 1
fodmap/search/vectorizer.go:55.64,57.3 1 0
fodmap/search/vectorizer.go:59.2,59.24 1 1
fodmap/search/vectorizer.go:63.101,64.21 1 1
fodmap/search/vectorizer.go:64.21,66.3 1 0
fodmap/search/vectorizer.go:68.2,69.16 2 1
fodmap/search/vectorizer.go:69.16,71.3 1 0
fodmap/search/vectorizer.go:73.2,74.16 2 1
fodmap/search/vectorizer.go:74.16,76.3 1 0
fodmap/search/vectorizer.go:77.2,80.16 3 1
fodmap/search/vectorizer.go:80.16,82.3 1 0
fodmap/search/vectorizer.go:83.2,85.38 2 1
fodmap/search/vectorizer.go:85.38,88.3 2 0
fodmap/search/vectorizer.go:92.2,93.58 2 1
fodmap/search/vectorizer.go:93.58,95.3 1 0
fodmap/search/vectorizer.go:97.2,100.32 3 1
fodmap/search/vectorizer.go:100.32,102.3 1 0
fodmap/search/vectorizer.go:105.2,106.75 2 1
fodmap/search/vectorizer.go:106.75,108.3 1 0
fodmap/search/vectorizer.go:111.2,112.36 2 1
fodmap/search/vectorizer.go:112.36,114.3 1 1
fodmap/search/vectorizer.go:116.2,116.20 1 1
fodmap/search/weaviate.go:90.46,99.16 3 0
fodmap/search/weaviate.go:99.16,101.3 1 0
fodmap/search/weaviate.go:102.2,102.29 1 0
fodmap/search/weaviate.go:107.58,109.16 2 0
fodmap/search/weaviate.go:109.16,112.3 1 0
fodmap/search/weaviate.go:114.2,138.78 3 0
fodmap/search/weaviate.go:138.78,140.3 1 0
fodmap/search/weaviate.go:141.2,141.12 1 0
fodmap/search/weaviate.go:146.76,148.29 2 0
fodmap/search/weaviate.go:148.29,165.3 2 0
fodmap/search/weaviate.go:167.2,168.16 2 0
fodmap/search/weaviate.go:168.16,170.60 2 0
fodmap/search/weaviate.go:170.60,172.4 1 0
fodmap/search/weaviate.go:173.3,173.45 1 0
fodmap/search/weaviate.go:175.2,175.33 1 0
fodmap/search/weaviate.go:175.33,176.54 1 0
fodmap/search/weaviate.go:176.54,178.4 1 0
fodmap/search/weaviate.go:180.2,180.12 1 0
fodmap/search/weaviate.go:186.121,203.53 4 0
fodmap/search/weaviate.go:203.53,205.3 1 0
fodmap/search/weaviate.go:207.2,208.16 2 0
fodmap/search/weaviate.go:208.16,210.3 1 0
fodmap/search/weaviate.go:211.2,211.24 1 0
fodmap/search/weaviate.go:211.24,213.3 1 0
fodmap/search/weaviate.go:215.2,215.45 1 0
fodmap/search/weaviate.go:219.119,238.53 4 0
fodmap/search/weaviate.go:238.53,240.3 1 0
fodmap/search/weaviate.go:242.2,243.16 2 0
fodmap/search/weaviate.go:243.16,245.3 1 0
fodmap/search/weaviate.go:246.2,246.24 1 0
fodmap/search/weaviate.go:246.24,248.3 1 0
fodmap/search/weaviate.go:250.2,250.42 1 0
fodmap/search/weaviate.go:255.61,258.22 2 1
fodmap/search/weaviate.go:258.22,264.3 1 1
fodmap/search/weaviate.go:265.2,265.18 1 1
fodmap/search/weaviate.go:265.18,271.3 1 1
fodmap/search/weaviate.go:272.2,272.19 1 1
fodmap/search/weaviate.go:272.19,278.3 1 1
fodmap/search/weaviate.go:279.2,279.24 1 1
fodmap/search/weaviate.go:279.24,285.3 1 1
fodmap/search/weaviate.go:287.2,287.23 1 1
fodmap/search/weaviate.go:288.9,289.13 1 1
fodmap/search/weaviate.go:290.9,291.21 1 1
fodmap/search/weaviate.go:292.10,293.74 1 1
fodmap/search/weaviate.go:299.79,301.9 2 1
fodmap/search/weaviate.go:301.9,303.3 1 1
fodmap/search/weaviate.go:304.2,305.9 2 1
fodmap/search/weaviate.go:305.9,307.3 1 0
fodmap/search/weaviate.go:308.2,309.9 2 1
fodmap/search/weaviate.go:309.9,311.3 1 0
fodmap/search/weaviate.go:312.2,313.9 2 1
fodmap/search/weaviate.go:313.9,315.3 1 0
fodmap/search/weaviate.go:318.2,325.28 3 1
fodmap/search/weaviate.go:325.28,327.10 2 1
fodmap/search/weaviate.go:327.10,328.12 1 0
fodmap/search/weaviate.go:330.3,331.23 2 1
fodmap/search/weaviate.go:331.23,332.12 1 0
fodmap/search/weaviate.go:334.3,335.24 2 1
fodmap/search/weaviate.go:335.24,336.12 1 0
fodmap/search/weaviate.go:338.3,340.15 3 1
fodmap/search/weaviate.go:340.15,346.4 5 1
fodmap/search/weaviate.go:347.3,347.41 1 1
fodmap/search/weaviate.go:351.2,359.29 3 1
fodmap/search/weaviate.go:359.29,361.37 2 1
fodmap/search/weaviate.go:361.37,361.59 1 1
fodmap/search/weaviate.go:362.3,364.20 3 1
fodmap/search/weaviate.go:364.20,366.4 1 1
fodmap/search/weaviate.go:367.3,367.113 1 1
fodmap/search/weaviate.go:370.2,370.42 1 1
fodmap/search/weaviate.go:370.42,370.88 1 1
fodmap/search/weaviate.go:372.2,373.49 2 1
fodmap/search/weaviate.go:373.49,375.3 1 1
fodmap/search/weaviate.go:376.2,376.38 1 1
fodmap/search/weaviate.go:380.77,382.9 2 1
fodmap/search/weaviate.go:382.9,384.3 1 1
fodmap/search/weaviate.go:385.2,386.9 2 1
fodmap/search/weaviate.go:386.9,388.3 1 0
fodmap/search/weaviate.go:389.2,390.9 2 1
fodmap/search/weaviate.go:390.9,392.3 1 0
fodmap/search/weaviate.go:393.2,394.9 2 1
fodmap/search/weaviate.go:394.9,396.3 1 0
fodmap/search/weaviate.go:398.2,399.28 2 1
fodmap/search/weaviate.go:399.28,401.10 2 1
fodmap/search/weaviate.go:401.10,402.12 1 0
fodmap/search/weaviate.go:404.3,405.23 2 1
fodmap/search/weaviate.go:405.23,406.12 1 1
fodmap/search/weaviate.go:408.3,409.24 2 1
fodmap/search/weaviate.go:409.24,410.12 1 0
fodmap/search/weaviate.go:412.3,425.5 6 1
fodmap/search/weaviate.go:428.2,428.55 1 1
fodmap/search/weaviate.go:428.55,429.24 1 1
fodmap/search/weaviate.go:429.24,431.4 1 1
fodmap/search/weaviate.go:432.3,432.24 1 1
fodmap/search/weaviate.go:432.24,434.4 1 1
fodmap/search/weaviate.go:435.3,435.11 1 0
fodmap/search/weaviate.go:438.2,438.26 1 1
fodmap/search/weaviate.go:438.26,440.3 1 1
fodmap/search/weaviate.go:441.2,441.48 1 1
fodmap/search/weaviate.go:445.64,447.16 2 0
fodmap/search/weaviate.go:447.16,449.3 1 0
fodmap/search/weaviate.go:451.2,469.78 3 0
fodmap/search/weaviate.go:469.78,471.3 1 0
fodmap/search/weaviate.go:472.2,472.12 1 0
fodmap/search/weaviate.go:476.98,478.33 2 0
fodmap/search/weaviate.go:478.33,490.3 2 0
fodmap/search/weaviate.go:491.2,492.16 2 0
fodmap/search/weaviate.go:492.16,494.60 2 0
fodmap/search/weaviate.go:494.60,496.4 1 0
fodmap/search/weaviate.go:497.3,497.52 1 0
fodmap/search/weaviate.go:499.2,499.33 1 0
fodmap/search/weaviate.go:499.33,500.54 1 0
fodmap/search/weaviate.go:500.54,502.4 1 0
fodmap/search/weaviate.go:504.2,504.12 1 0
fodmap/search/weaviate.go:508.102,526.16 4 0
fodmap/search/weaviate.go:526.16,528.3 1 0
fodmap/search/weaviate.go:529.2,529.24 1 0
fodmap/search/weaviate.go:529.24,531.3 1 0
fodmap/search/weaviate.go:533.2,534.9 2 0
fodmap/search/weaviate.go:534.9,536.3 1 0
fodmap/search/weaviate.go:537.2,537.23 1 0
fodmap/search/weaviate.go:541.91,543.9 2 1
fodmap/search/weaviate.go:543.9,545.3 1 1
fodmap/search/weaviate.go:546.2,547.28 2 1
fodmap/search/weaviate.go:547.28,549.3 1 0
fodmap/search/weaviate.go:550.2,551.9 2 1
fodmap/search/weaviate.go:551.9,553.3 1 0
fodmap/search/weaviate.go:555.2,560.50 5 1
fodmap/search/weaviate.go:560.50,561.33 1 1
fodmap/search/weaviate.go:561.33,562.31 1 1
fodmap/search/weaviate.go:562.31,564.5 1 1
fodmap/search/weaviate.go:568.2,569.63 2 1
fodmap/search/weaviate.go:569.63,571.3 1 1
fodmap/search/weaviate.go:573.2,578.20 1 1
fodmap/server/auth_handler.go:32.74,33.24 1 1
fodmap/server/auth_handler.go:33.24,36.3 2 1
fodmap/server/auth_handler.go:38.2,39.61 2 1
fodmap/server/auth_handler.go:39.61,42.3 2 1
fodmap/server/auth_handler.go:44.2,44.43 1 1
fodmap/server/auth_handler.go:44.43,47.3 2 1
fodmap/server/auth_handler.go:49.2,53.55 2 1
fodmap/server/auth_handler.go:53.55,56.3 2 0
fodmap/server/auth_handler.go:58.2,58.66 1 1
fodmap/server/auth_handler.go:58.66,62.3 3 1
fodmap/server/auth_handler.go:64.2,64.35 1 1
fodmap/server/auth_handler.go:67.71,68.24 1 1
fodmap/server/auth_handler.go:68.24,71.3 2 1
fodmap/server/auth_handler.go:73.2,74.61 2 1
fodmap/server/auth_handler.go:74.61,77.3 2 1
fodmap/server/auth_handler.go:79.2,80.31 2 1
fodmap/server/auth_handler.go:80.31,83.3 2 1
fodmap/server/auth_handler.go:85.2,85.39 1 1
fodmap/server/auth_handler.go:85.39,88.3 2 1
fodmap/server/auth_handler.go:90.2,91.16 2 1
fodmap/server/auth_handler.go:91.16,94.3 2 0
fodmap/server/auth_handler.go:96.2,100.4 2 1
fodmap/server/auth_handler.go:103.73,104.23 1 1
fodmap/server/auth_handler.go:104.23,107.3 2 1
fodmap/server/auth_handler.go:109.2,110.61 2 1
fodmap/server/auth_handler.go:110.61,113.3 2 1
fodmap/server/auth_handler.go:115.2,116.16 2 1
fodmap/server/auth_handler.go:116.16,119.3 2 1
fodmap/server/auth_handler.go:121.2,121.24 1 1
fodmap/server/auth_handler.go:121.24,123.32 2 1
fodmap/server/auth_handler.go:123.32,126.4 2 1
fodmap/server/auth_handler.go:129.2,130.16 2 1
fodmap/server/auth_handler.go:130.16,133.3 2 0
fodmap/server/auth_handler.go:135.2,139.4 2 1
fodmap/server/auth_handler.go:142.68,146.2 3 1
fodmap/server/chat_handler.go:52.69,53.54 1 1
fodmap/server/chat_handler.go:53.54,55.18 2 1
fodmap/server/chat_handler.go:55.18,58.4 2 0
fodmap/server/chat_handler.go:61.3,63.62 3 1
fodmap/server/chat_handler.go:63.62,66.4 2 0
fodmap/server/chat_handler.go:67.3,67.24 1 1
fodmap/server/chat_handler.go:67.24,70.4 2 0
fodmap/server/chat_handler.go:72.3,72.61 1 1
fodmap/server/chat_handler.go:72.61,75.4 2 0
fodmap/server/chat_handler.go:77.3,77.24 1 1
fodmap/server/chat_handler.go:77.24,80.4 2 0
fodmap/server/chat_handler.go:82.3,83.17 2 1
fodmap/server/chat_handler.go:83.17,85.4 1 1
fodmap/server/chat_handler.go:88.3,96.31 6 1
fodmap/server/chat_handler.go:96.31,99.33 3 0
fodmap/server/chat_handler.go:99.33,102.5 2 0
fodmap/server/chat_handler.go:103.4,103.45 1 0
fodmap/server/chat_handler.go:103.45,106.5 2 0
fodmap/server/chat_handler.go:109.4,110.18 2 0
fodmap/server/chat_handler.go:110.18,113.5 2 0
fodmap/server/chat_handler.go:114.4,114.43 1 0
fodmap/server/chat_handler.go:117.3,120.18 3 1
fodmap/server/chat_handler.go:120.18,128.18 3 1
fodmap/server/chat_handler.go:128.18,132.5 3 0
fodmap/server/chat_handler.go:133.4,133.38 1 1
fodmap/server/chat_handler.go:133.38,136.5 2 0
fodmap/server/chat_handler.go:137.4,143.18 5 1
fodmap/server/chat_handler.go:143.18,147.5 3 0
fodmap/server/chat_handler.go:148.4,149.52 2 1
fodmap/server/chat_handler.go:149.52,154.5 1 1
fodmap/server/chat_handler.go:157.4,159.18 3 1
fodmap/server/chat_handler.go:159.18,163.5 3 0
fodmap/server/chat_handler.go:166.4,167.20 2 1
fodmap/server/chat_handler.go:167.20,169.5 1 1
fodmap/server/chat_handler.go:170.4,176.68 2 1
fodmap/server/chat_handler.go:176.68,180.5 3 0
fodmap/server/chat_handler.go:181.9,186.44 2 0
fodmap/server/chat_handler.go:186.44,189.5 2 0
fodmap/server/chat_handler.go:190.4,193.18 3 0
fodmap/server/chat_handler.go:193.18,197.5 3 0
fodmap/server/chat_handler.go:198.4,199.52 2 0
fodmap/server/chat_handler.go:199.52,201.5 1 0
fodmap/server/chat_handler.go:202.4,204.18 3 0
fodmap/server/chat_handler.go:204.18,208.5 3 0
fodmap/server/chat_handler.go:211.3,212.22 2 1
fodmap/server/chat_handler.go:212.22,214.4 1 1
fodmap/server/chat_handler.go:216.3,216.20 1 1
fodmap/server/chat_handler.go:216.20,219.4 2 0
fodmap/server/chat_handler.go:222.3,222.98 1 1
fodmap/server/chat_handler.go:222.98,224.4 1 0
fodmap/server/chat_handler.go:224.9,224.26 1 1
fodmap/server/chat_handler.go:224.26,227.4 2 0
fodmap/server/chat_handler.go:230.3,255.62 6 1
fodmap/server/chat_handler.go:255.62,257.4 1 0
fodmap/server/chat_handler.go:259.3,260.13 2 1
fodmap/server/chat_handler.go:260.13,265.11 5 1
fodmap/server/chat_handler.go:265.11,268.5 2 0
fodmap/server/chat_handler.go:270.4,270.32 1 1
fodmap/server/chat_handler.go:270.32,275.5 4 1
fodmap/server/chat_handler.go:277.4,278.18 2 1
fodmap/server/chat_handler.go:278.18,285.5 6 0
fodmap/server/chat_handler.go:288.4,293.19 5 1
fodmap/server/chat_handler.go:295.9,297.18 2 0
fodmap/server/chat_handler.go:297.18,301.5 3 0
fodmap/server/chat_handler.go:304.4,314.39 4 0
fodmap/server/chat_handler.go:319.63,321.25 2 1
fodmap/server/chat_handler.go:321.25,323.53 2 1
fodmap/server/chat_handler.go:323.53,326.12 1 1
fodmap/server/chat_handler.go:328.3,331.5 1 1
fodmap/server/chat_handler.go:333.2,333.16 1 1
fodmap/server/chat_handler.go:336.108,344.51 2 1
fodmap/server/chat_handler.go:344.51,346.3 1 0
fodmap/server/chat_handler.go:351.67,352.92 1 0
fodmap/server/chat_handler.go:352.92,357.17 2 0
fodmap/server/chat_handler.go:357.17,359.4 1 0
fodmap/server/chat_handler.go:360.3,366.17 2 0
fodmap/server/chat_handler.go:366.17,368.4 1 0
fodmap/server/chat_handler.go:369.3,369.34 1 0
fodmap/server/conversation_handler.go:10.83,12.9 2 1
fodmap/server/conversation_handler.go:12.9,15.3 2 0
fodmap/server/conversation_handler.go:17.2,18.16 2 1
fodmap/server/conversation_handler.go:18.16,21.3 2 0
fodmap/server/conversation_handler.go:23.2,24.38 2 1
fodmap/server/conversation_handler.go:27.81,29.9 2 1
fodmap/server/conversation_handler.go:29.9,32.3 2 0
fodmap/server/conversation_handler.go:34.2,36.31 3 1
fodmap/server/conversation_handler.go:36.31,39.3 2 1
fodmap/server/conversation_handler.go:41.2,41.27 1 1
fodmap/server/conversation_handler.go:41.27,44.3 2 1
fodmap/server/conversation_handler.go:46.2,47.16 2 1
fodmap/server/conversation_handler.go:47.16,50.3 2 0
fodmap/server/conversation_handler.go:52.2,61.37 3 1
fodmap/server/conversation_handler.go:64.84,66.9 2 1
fodmap/server/conversation_handler.go:66.9,69.3 2 0
fodmap/server/conversation_handler.go:71.2,73.31 3 1
fodmap/server/conversation_handler.go:73.31,76.3 2 0
fodmap/server/conversation_handler.go:78.2,78.27 1 1
fodmap/server/conversation_handler.go:78.27,81.3 2 1
fodmap/server/conversation_handler.go:83.2,83.76 1 1
fodmap/server/conversation_handler.go:83.76,86.3 2 0
fodmap/server/conversation_handler.go:88.2,88.37 1 1
fodmap/server/direct_fodmap_client.go:15.59,17.2 1 1
fodmap/server/direct_fodmap_client.go:20.129,24.2 1 0
fodmap/server/direct_fodmap_client.go:27.128,31.2 1 0
fodmap/server/direct_fodmap_client.go:35.116,37.16 2 1
fodmap/server/direct_fodmap_client.go:37.16,39.3 1 1
fodmap/server/direct_fodmap_client.go:41.2,41.26 1 1
fodmap/server/direct_fodmap_client.go:41.26,47.3 1 1
fodmap/server/direct_fodmap_client.go:49.2,55.8 1 1
fodmap/server/handlers.go:15.73,17.22 2 1
fodmap/server/handlers.go:17.22,20.3 2 1
fodmap/server/handlers.go:22.2,23.16 2 0
fodmap/server/handlers.go:23.16,27.3 3 0
fodmap/server/handlers.go:29.2,30.59 2 0
fodmap/server/handlers.go:30.59,32.3 1 0
fodmap/server/handlers.go:35.79,36.23 1 1
fodmap/server/handlers.go:36.23,39.3 2 1
fodmap/server/handlers.go:41.2,42.13 2 1
fodmap/server/handlers.go:42.13,45.3 2 1
fodmap/server/handlers.go:47.2,48.46 2 1
fodmap/server/handlers.go:48.46,50.27 2 1
fodmap/server/handlers.go:50.27,53.4 2 1
fodmap/server/handlers.go:54.3,54.12 1 1
fodmap/server/handlers.go:57.2,64.16 3 1
fodmap/server/handlers.go:64.16,68.3 3 1
fodmap/server/handlers.go:71.2,71.30 1 1
fodmap/server/handlers.go:71.30,73.3 1 1
fodmap/server/handlers.go:75.2,83.38 3 1
fodmap/server/handlers.go:83.38,85.3 1 1
fodmap/server/handlers.go:86.2,87.92 2 1
fodmap/server/handlers.go:87.92,89.3 1 0
fodmap/server/handlers.go:92.76,93.23 1 1
fodmap/server/handlers.go:93.23,96.3 2 1
fodmap/server/handlers.go:98.2,99.13 2 1
fodmap/server/handlers.go:99.13,102.3 2 1
fodmap/server/handlers.go:104.2,105.46 2 1
fodmap/server/handlers.go:105.46,107.27 2 1
fodmap/server/handlers.go:107.27,110.4 2 1
fodmap/server/handlers.go:111.3,111.12 1 0
fodmap/server/handlers.go:114.2,122.16 3 1
fodmap/server/handlers.go:122.16,126.3 3 1
fodmap/server/handlers.go:128.2,138.35 2 1
fodmap/server/handlers.go:138.35,140.3 1 1
fodmap/server/handlers.go:142.2,143.44 2 1
fodmap/server/handlers.go:143.44,152.3 1 1
fodmap/server/handlers.go:153.2,154.87 2 1
fodmap/server/handlers.go:154.87,156.3 1 0
fodmap/server/handlers.go:159.75,160.23 1 1
fodmap/server/handlers.go:160.23,163.3 2 1
fodmap/server/handlers.go:165.2,166.22 2 1
fodmap/server/handlers.go:166.22,169.3 2 1
fodmap/server/handlers.go:171.2,172.16 2 1
fodmap/server/handlers.go:172.16,176.3 3 1
fodmap/server/handlers.go:178.2,193.55 4 1
fodmap/server/handlers.go:193.55,195.3 1 0
fodmap/server/middleware.go:21.63,22.46 1 1
fodmap/server/middleware.go:22.46,23.72 1 1
fodmap/server/middleware.go:23.72,26.40 3 1
fodmap/server/middleware.go:26.40,29.5 2 1
fodmap/server/middleware.go:30.4,31.67 2 1
fodmap/server/middleware.go:31.67,34.5 2 1
fodmap/server/middleware.go:35.4,35.24 1 1
fodmap/server/middleware.go:48.63,54.2 1 1
fodmap/server/middleware.go:56.62,59.34 3 1
fodmap/server/middleware.go:59.34,61.3 1 1
fodmap/server/middleware.go:62.2,64.10 3 1
fodmap/server/middleware.go:68.77,69.46 1 1
fodmap/server/middleware.go:69.46,70.72 1 1
fodmap/server/middleware.go:70.72,73.57 2 1
fodmap/server/middleware.go:73.57,75.5 1 0
fodmap/server/middleware.go:76.4,77.24 2 1
fodmap/server/middleware.go:77.24,81.5 3 1
fodmap/server/middleware.go:82.4,82.24 1 1
fodmap/server/middleware.go:89.76,91.46 2 1
fodmap/server/middleware.go:91.46,92.72 1 1
fodmap/server/middleware.go:92.72,93.11 1 1
fodmap/server/middleware.go:94.27,95.18 1 1
fodmap/server/middleware.go:95.18,95.27 1 1
fodmap/server/middleware.go:96.5,96.25 1 1
fodmap/server/middleware.go:97.12,98.93 1 1
fodmap/server/middleware.go:105.78,106.46 1 1
fodmap/server/middleware.go:106.46,107.72 1 1
fodmap/server/middleware.go:107.72,110.37 3 1
fodmap/server/middleware.go:110.37,111.32 1 1
fodmap/server/middleware.go:111.32,113.11 2 1
fodmap/server/middleware.go:117.4,117.15 1 1
fodmap/server/middleware.go:117.15,121.5 3 1
fodmap/server/middleware.go:123.4,123.29 1 1
fodmap/server/middleware.go:123.29,126.5 2 1
fodmap/server/middleware.go:128.4,128.24 1 1
fodmap/server/middleware.go:134.61,135.46 1 1
fodmap/server/middleware.go:135.46,136.72 1 1
fodmap/server/middleware.go:136.72,139.46 3 1
fodmap/server/middleware.go:139.46,142.5 2 1
fodmap/server/middleware.go:143.4,146.18 3 1
fodmap/server/middleware.go:146.18,150.5 3 1
fodmap/server/middleware.go:152.4,153.41 2 1
fodmap/server/middleware.go:159.82,160.46 1 1
fodmap/server/middleware.go:160.46,161.72 1 1
fodmap/server/middleware.go:161.72,164.46 3 1
fodmap/server/middleware.go:164.46,167.5 2 0
fodmap/server/middleware.go:168.4,171.69 2 1
fodmap/server/middleware.go:171.69,175.5 3 1
fodmap/server/middleware.go:178.4,178.73 1 1
fodmap/server/middleware.go:178.73,181.5 2 1
fodmap/server/middleware.go:183.4,183.71 1 1
fodmap/server/middleware.go:189.81,190.37 1 1
fodmap/server/middleware.go:190.37,192.3 1 1
fodmap/server/middleware.go:193.2,193.10 1 1
fodmap/server/mock_store.go:16.36,22.2 1 1
fodmap/server/mock_store.go:24.80,25.38 1 1
fodmap/server/mock_store.go:25.38,27.3 1 1
fodmap/server/mock_store.go:28.2,29.12 2 1
fodmap/server/mock_store.go:32.95,34.9 2 1
fodmap/server/mock_store.go:34.9,36.3 1 1
fodmap/server/mock_store.go:37.2,37.18 1 1
fodmap/server/mock_store.go:40.89,41.28 1 1
fodmap/server/mock_store.go:41.28,42.17 1 1
fodmap/server/mock_store.go:42.17,44.4 1 1
fodmap/server/mock_store.go:46.2,46.37 1 1
fodmap/server/mock_store.go:49.96,52.2 2 1
fodmap/server/mock_store.go:54.109,56.36 2 1
fodmap/server/mock_store.go:56.36,57.25 1 1
fodmap/server/mock_store.go:57.25,59.4 1 1
fodmap/server/mock_store.go:61.2,61.21 1 1
fodmap/server/mock_store.go:64.101,66.9 2 1
fodmap/server/mock_store.go:66.9,68.3 1 1
fodmap/server/mock_store.go:69.2,69.15 1 1
fodmap/server/mock_store.go:72.82,76.2 3 1
fodmap/server/mock_store.go:78.82,81.2 2 1
fodmap/server/mock_store.go:83.106,85.2 1 1
fodmap/server/mock_store.go:87.39,87.53 1 0
fodmap/server/server.go:65.60,73.61 2 0
fodmap/server/server.go:73.61,77.3 3 0
fodmap/server/server.go:77.8,77.35 1 0
fodmap/server/server.go:77.35,79.17 2 0
fodmap/server/server.go:79.17,81.4 1 0
fodmap/server/server.go:82.3,83.65 2 0
fodmap/server/server.go:86.2,86.23 1 0
fodmap/server/server.go:86.23,87.74 1 0
fodmap/server/server.go:87.74,89.4 1 0
fodmap/server/server.go:93.2,93.52 1 0
fodmap/server/server.go:93.52,95.22 2 0
fodmap/server/server.go:95.22,97.4 1 0
fodmap/server/server.go:98.3,99.24 2 0
fodmap/server/server.go:99.24,101.4 1 0
fodmap/server/server.go:102.3,109.14 7 0
fodmap/server/server.go:109.14,111.4 1 0
fodmap/server/server.go:112.3,113.17 2 0
fodmap/server/server.go:113.17,115.4 1 0
fodmap/server/server.go:116.3,119.31 3 0
fodmap/server/server.go:119.31,121.4 1 0
fodmap/server/server.go:123.3,127.17 2 0
fodmap/server/server.go:127.17,129.4 1 0
fodmap/server/server.go:130.3,131.57 2 0
fodmap/server/server.go:134.2,134.15 1 0
fodmap/server/server.go:140.53,147.2 1 1
fodmap/server/server.go:159.77,161.13 2 0
fodmap/server/server.go:161.13,163.3 1 0
fodmap/server/server.go:164.2,165.16 2 0
fodmap/server/server.go:165.16,167.3 1 0
fodmap/server/server.go:168.2,169.18 2 0
fodmap/server/server.go:169.18,171.3 1 0
fodmap/server/server.go:172.2,181.3 1 0
fodmap/server/server.go:185.41,204.73 12 1
fodmap/server/server.go:204.73,212.3 2 1
fodmap/server/server.go:214.2,214.50 1 1
fodmap/server/server.go:218.32,222.2 3 0
